{
  "stats": {
    "suites": 5,
    "tests": 23,
    "passes": 23,
    "pending": 0,
    "failures": 0,
    "start": "2023-08-03T07:54:06.451Z",
    "end": "2023-08-03T07:55:12.241Z",
    "duration": 65790,
    "testsRegistered": 23,
    "passPercent": 100,
    "pendingPercent": 0,
    "other": 0,
    "hasOther": false,
    "skipped": 0,
    "hasSkipped": false
  },
  "results": [
    {
      "uuid": "161ece08-6797-4f0b-b538-2c862e72e319",
      "title": "",
      "fullFile": "",
      "file": "",
      "beforeHooks": [],
      "afterHooks": [],
      "tests": [],
      "suites": [
        {
          "uuid": "fdfaa753-048f-4242-bb7b-40c847345216",
          "title": "Successful/Usual Service Ticket Workflow",
          "fullFile": "C:\\Users\\65961\\Documents\\Term 5\\Software_Construction\\esc-cohort3-team1\\tenant-landlord-app\\endtoend_test\\test\\alt_test_login.spec.js",
          "file": "\\test\\alt_test_login.spec.js",
          "beforeHooks": [
            {
              "title": "\"before all\" hook",
              "fullTitle": "Successful/Usual Service Ticket Workflow \"before all\" hook",
              "timedOut": false,
              "duration": 0,
              "state": null,
              "speed": null,
              "pass": false,
              "fail": false,
              "pending": false,
              "context": null,
              "code": "tenant_driver = await new Builder().forBrowser('chrome').build();\nlandlord_driver = await new Builder().forBrowser('chrome').build();",
              "err": {},
              "uuid": "c45a196b-dcfb-4735-b082-68db7e5dceb5",
              "parentUUID": null,
              "isHook": true,
              "skipped": false
            }
          ],
          "afterHooks": [
            {
              "title": "\"after all\" hook",
              "fullTitle": "Successful/Usual Service Ticket Workflow \"after all\" hook",
              "timedOut": false,
              "duration": 0,
              "state": null,
              "speed": null,
              "pass": false,
              "fail": false,
              "pending": false,
              "context": null,
              "code": "await tenant_driver.quit(); await landlord_driver.quit()",
              "err": {},
              "uuid": "7cee5d7e-ba87-43a8-85ce-cc8e499e419b",
              "parentUUID": null,
              "isHook": true,
              "skipped": false
            }
          ],
          "tests": [],
          "suites": [],
          "passes": [],
          "failures": [],
          "pending": [],
          "skipped": [],
          "duration": 0,
          "root": false,
          "rootEmpty": false,
          "_timeout": 10000
        },
        {
          "uuid": "850f19f3-484b-42b0-b89f-1f2c706be1ee",
          "title": "Login",
          "fullFile": "C:\\Users\\65961\\Documents\\Term 5\\Software_Construction\\esc-cohort3-team1\\tenant-landlord-app\\endtoend_test\\test\\landlord_test.spec.js",
          "file": "\\test\\landlord_test.spec.js",
          "beforeHooks": [
            {
              "title": "\"before all\" hook in \"Login\"",
              "fullTitle": "Login \"before all\" hook in \"Login\"",
              "timedOut": false,
              "duration": 3728,
              "state": null,
              "speed": null,
              "pass": false,
              "fail": false,
              "pending": false,
              "context": null,
              "code": "driver = await new Builder().forBrowser('chrome').build();",
              "err": {},
              "uuid": "fc4e8c19-866d-41f0-9e9d-7fbff86a5ee8",
              "parentUUID": "850f19f3-484b-42b0-b89f-1f2c706be1ee",
              "isHook": true,
              "skipped": false
            }
          ],
          "afterHooks": [
            {
              "title": "\"after all\" hook in \"Login\"",
              "fullTitle": "Login \"after all\" hook in \"Login\"",
              "timedOut": false,
              "duration": 27,
              "state": null,
              "speed": null,
              "pass": false,
              "fail": false,
              "pending": false,
              "context": null,
              "code": "await driver.quit()",
              "err": {},
              "uuid": "f64076b9-c372-48a3-a2fd-eb3ccce8e5b7",
              "parentUUID": "850f19f3-484b-42b0-b89f-1f2c706be1ee",
              "isHook": true,
              "skipped": false
            }
          ],
          "tests": [
            {
              "title": "Select Landlord Option",
              "fullTitle": "Login Select Landlord Option",
              "timedOut": false,
              "duration": 3776,
              "state": "passed",
              "speed": "slow",
              "pass": true,
              "fail": false,
              "pending": false,
              "context": null,
              "code": "await driver.get('http://localhost:3000/');\nlet title = await driver.getTitle();\nassert.equal(\"React App\", title);\nawait driver.manage().setTimeouts({ implicit: 300 });\n// In first page\nawait driver.findElement(By.xpath(\"//*[@id='root']/div/div/div/div/div/button[1]\")).click();\nawait driver.manage().setTimeouts({ implicit: 500 });\n// In Landlord Login Page\nlet result = await driver.findElement(By.xpath(\"//*[@id='root']/div/div/div/div/form/div/h2\")).isDisplayed();\nassert.equal(true, result);",
              "err": {},
              "uuid": "db341ea2-802a-4b04-b716-09fe2fe3d14b",
              "parentUUID": "850f19f3-484b-42b0-b89f-1f2c706be1ee",
              "isHook": false,
              "skipped": false
            },
            {
              "title": "Landlord login",
              "fullTitle": "Login Landlord login",
              "timedOut": false,
              "duration": 1535,
              "state": "passed",
              "speed": "slow",
              "pass": true,
              "fail": false,
              "pending": false,
              "context": null,
              "code": "await driver.get('http://localhost:3000/pages/LoginPage');\nlet title = await driver.getTitle();\nassert.equal(\"React App\", title);\nawait driver.manage().setTimeouts({ implicit: 300 });\nawait driver.findElement(By.xpath('//*[@id=\"email\"]')).sendKeys('landlord1@gmail.com');\nawait driver.findElement(By.xpath('//*[@id=\"password\"]')).sendKeys('password');\nawait driver.findElement(By.xpath('//*[@id=\"root\"]/div/div/div/div/form/div/div[3]')).click();\nawait driver.manage().setTimeouts({ implicit: 800 });\n// In Landlord Dashboard\nlet result = await driver.findElement(By.xpath(\"//*[@id='root']/div/div/div/div/form/div/div[3]\")).isDisplayed();\nassert.equal(true, result);",
              "err": {},
              "uuid": "d994d86f-c3b0-436e-b398-349932f47c7e",
              "parentUUID": "850f19f3-484b-42b0-b89f-1f2c706be1ee",
              "isHook": false,
              "skipped": false
            }
          ],
          "suites": [],
          "passes": [
            "db341ea2-802a-4b04-b716-09fe2fe3d14b",
            "d994d86f-c3b0-436e-b398-349932f47c7e"
          ],
          "failures": [],
          "pending": [],
          "skipped": [],
          "duration": 5311,
          "root": false,
          "rootEmpty": false,
          "_timeout": 10000
        },
        {
          "uuid": "23f7bf02-dad1-40ae-8884-d9723e55bea6",
          "title": "Viewing Service Tickets",
          "fullFile": "C:\\Users\\65961\\Documents\\Term 5\\Software_Construction\\esc-cohort3-team1\\tenant-landlord-app\\endtoend_test\\test\\landlord_test.spec.js",
          "file": "\\test\\landlord_test.spec.js",
          "beforeHooks": [
            {
              "title": "\"before all\" hook in \"Viewing Service Tickets\"",
              "fullTitle": "Viewing Service Tickets \"before all\" hook in \"Viewing Service Tickets\"",
              "timedOut": false,
              "duration": 1627,
              "state": null,
              "speed": null,
              "pass": false,
              "fail": false,
              "pending": false,
              "context": null,
              "code": "driver = await new Builder().forBrowser('chrome').build();",
              "err": {},
              "uuid": "0dccea14-8b9e-4c18-b810-246f1b554ec8",
              "parentUUID": "23f7bf02-dad1-40ae-8884-d9723e55bea6",
              "isHook": true,
              "skipped": false
            }
          ],
          "afterHooks": [
            {
              "title": "\"after all\" hook in \"Viewing Service Tickets\"",
              "fullTitle": "Viewing Service Tickets \"after all\" hook in \"Viewing Service Tickets\"",
              "timedOut": false,
              "duration": 84,
              "state": null,
              "speed": null,
              "pass": false,
              "fail": false,
              "pending": false,
              "context": null,
              "code": "await driver.quit()",
              "err": {},
              "uuid": "4544b1a2-8f2a-4f13-ab6b-f3ff4e527678",
              "parentUUID": "23f7bf02-dad1-40ae-8884-d9723e55bea6",
              "isHook": true,
              "skipped": false
            }
          ],
          "tests": [
            {
              "title": "View Drop Down Detailed Service Request",
              "fullTitle": "Viewing Service Tickets View Drop Down Detailed Service Request",
              "timedOut": false,
              "duration": 3974,
              "state": "passed",
              "speed": "slow",
              "pass": true,
              "fail": false,
              "pending": false,
              "context": null,
              "code": "await driver.get('http://localhost:3000/pages/TicketList');\n    let title = await driver.getTitle();\n    assert.equal(\"React App\", title);\n        //TODO - fix Drop Down view of service tickets info\n        // await driver.manage().setTimeouts({implicit: 500});\n        \n        // await driver.findElement(By.xpath('//*[@id=\"root\"]/div/div/div[6]/div[1]/div')).click();\n        // await driver.manage().setTimeouts({implicit: 500});\n        // // View Dropdown Details\n        // let result =  await driver.findElement(By.xpath(\"//*[@id='accordion-panel-:r0:']/div/div[1]\")).isDisplayed();\n        // assert.equal(true, result)",
              "err": {},
              "uuid": "7d624899-d478-4874-b941-7357839512f4",
              "parentUUID": "23f7bf02-dad1-40ae-8884-d9723e55bea6",
              "isHook": false,
              "skipped": false
            }
          ],
          "suites": [],
          "passes": [
            "7d624899-d478-4874-b941-7357839512f4"
          ],
          "failures": [],
          "pending": [],
          "skipped": [],
          "duration": 3974,
          "root": false,
          "rootEmpty": false,
          "_timeout": 10000
        },
        {
          "uuid": "99e7361e-bc2a-4e7a-9bbe-e7342df1f84a",
          "title": "Login",
          "fullFile": "C:\\Users\\65961\\Documents\\Term 5\\Software_Construction\\esc-cohort3-team1\\tenant-landlord-app\\endtoend_test\\test\\tenant_test.spec.js",
          "file": "\\test\\tenant_test.spec.js",
          "beforeHooks": [
            {
              "title": "\"before all\" hook in \"Login\"",
              "fullTitle": "Login \"before all\" hook in \"Login\"",
              "timedOut": false,
              "duration": 2436,
              "state": null,
              "speed": null,
              "pass": false,
              "fail": false,
              "pending": false,
              "context": null,
              "code": "driver = await new Builder().forBrowser('chrome').build();",
              "err": {},
              "uuid": "3bc40486-6670-4a10-9a0e-d1e1ebedca33",
              "parentUUID": "99e7361e-bc2a-4e7a-9bbe-e7342df1f84a",
              "isHook": true,
              "skipped": false
            }
          ],
          "afterHooks": [
            {
              "title": "\"after all\" hook in \"Login\"",
              "fullTitle": "Login \"after all\" hook in \"Login\"",
              "timedOut": false,
              "duration": 31,
              "state": null,
              "speed": null,
              "pass": false,
              "fail": false,
              "pending": false,
              "context": null,
              "code": "await driver.quit()",
              "err": {},
              "uuid": "027961d2-a1a3-4689-9eda-dadbf5fa92a0",
              "parentUUID": "99e7361e-bc2a-4e7a-9bbe-e7342df1f84a",
              "isHook": true,
              "skipped": false
            }
          ],
          "tests": [
            {
              "title": "Select Tenant Option",
              "fullTitle": "Login Select Tenant Option",
              "timedOut": false,
              "duration": 3694,
              "state": "passed",
              "speed": "slow",
              "pass": true,
              "fail": false,
              "pending": false,
              "context": null,
              "code": "await driver.get('http://localhost:3000/');\nlet title = await driver.getTitle();\nassert.equal(\"React App\", title);\nawait driver.manage().setTimeouts({implicit: 300});\n// In first page\nawait driver.findElement(By.xpath(\"//*[@id='root']/div/div/div/div/div/button[1]\")).click();\nawait driver.manage().setTimeouts({implicit: 500});\n// In Tenant Login Page\nlet result =  await driver.findElement(By.xpath(\"//*[@id='root']/div/div/div/div/form/div/h2\")).isDisplayed();\nassert.equal(true, result)",
              "err": {},
              "uuid": "159060e4-79dd-41fa-a619-78e3936f0090",
              "parentUUID": "99e7361e-bc2a-4e7a-9bbe-e7342df1f84a",
              "isHook": false,
              "skipped": false
            },
            {
              "title": "Tenant login",
              "fullTitle": "Login Tenant login",
              "timedOut": false,
              "duration": 2020,
              "state": "passed",
              "speed": "slow",
              "pass": true,
              "fail": false,
              "pending": false,
              "context": null,
              "code": "await driver.get('http://localhost:3000/pages/LoginPage');\n  \nlet title = await driver.getTitle();\nassert.equal(\"React App\", title);\n  \nawait driver.manage().setTimeouts({implicit: 300});\nawait driver.findElement(By.xpath('//*[@id=\"email\"]')).sendKeys('tenant1@gmail.com');\nawait driver.findElement(By.xpath('//*[@id=\"password\"]')).sendKeys('password');\nawait driver.findElement(By.xpath('//*[@id=\"root\"]/div/div/div/div/form/div/div[3]')).click();\nawait driver.manage().setTimeouts({implicit: 800});\n// In Tenant Dashboard\nlet result =  await driver.findElement(By.xpath(\"//*[@id='root']/div/div/div/div/form/div/div[3]\")).isDisplayed();\nassert.equal(true, result)",
              "err": {},
              "uuid": "b0b62b75-ef3d-41c6-8d20-c4c9fcc2f61f",
              "parentUUID": "99e7361e-bc2a-4e7a-9bbe-e7342df1f84a",
              "isHook": false,
              "skipped": false
            }
          ],
          "suites": [],
          "passes": [
            "159060e4-79dd-41fa-a619-78e3936f0090",
            "b0b62b75-ef3d-41c6-8d20-c4c9fcc2f61f"
          ],
          "failures": [],
          "pending": [],
          "skipped": [],
          "duration": 5714,
          "root": false,
          "rootEmpty": false,
          "_timeout": 10000
        },
        {
          "uuid": "f2cfaf00-18b3-41be-91d7-c9f26c0a21a3",
          "title": "Service Tickets",
          "fullFile": "C:\\Users\\65961\\Documents\\Term 5\\Software_Construction\\esc-cohort3-team1\\tenant-landlord-app\\endtoend_test\\test\\tenant_test.spec.js",
          "file": "\\test\\tenant_test.spec.js",
          "beforeHooks": [
            {
              "title": "\"before all\" hook in \"Service Tickets\"",
              "fullTitle": "Service Tickets \"before all\" hook in \"Service Tickets\"",
              "timedOut": false,
              "duration": 2216,
              "state": null,
              "speed": null,
              "pass": false,
              "fail": false,
              "pending": false,
              "context": null,
              "code": "driver = await new Builder().forBrowser('chrome').build();",
              "err": {},
              "uuid": "e5f97848-0243-474d-b906-f43ecd7c345f",
              "parentUUID": "f2cfaf00-18b3-41be-91d7-c9f26c0a21a3",
              "isHook": true,
              "skipped": false
            }
          ],
          "afterHooks": [
            {
              "title": "\"after all\" hook in \"Service Tickets\"",
              "fullTitle": "Service Tickets \"after all\" hook in \"Service Tickets\"",
              "timedOut": false,
              "duration": 30,
              "state": null,
              "speed": null,
              "pass": false,
              "fail": false,
              "pending": false,
              "context": null,
              "code": "await driver.quit()",
              "err": {},
              "uuid": "045ad569-9e73-4e6d-b52f-7297dd90c6a6",
              "parentUUID": "f2cfaf00-18b3-41be-91d7-c9f26c0a21a3",
              "isHook": true,
              "skipped": false
            }
          ],
          "tests": [
            {
              "title": "Tenant View Service Tickets",
              "fullTitle": "Service Tickets Tenant View Service Tickets",
              "timedOut": false,
              "duration": 4546,
              "state": "passed",
              "speed": "slow",
              "pass": true,
              "fail": false,
              "pending": false,
              "context": null,
              "code": "await driver.get('http://localhost:3000/pages/Dashboard/');\nlet title = await driver.getTitle();\nassert.equal(\"React App\", title);\nawait driver.manage().setTimeouts({implicit: 300});\n\n//TODO - tenant can view tickets",
              "err": {},
              "uuid": "2cc0e2e2-d461-4bfb-a571-4b033a1611ea",
              "parentUUID": "f2cfaf00-18b3-41be-91d7-c9f26c0a21a3",
              "isHook": false,
              "skipped": false
            },
            {
              "title": "Tenant Create Service Ticket",
              "fullTitle": "Service Tickets Tenant Create Service Ticket",
              "timedOut": false,
              "duration": 283,
              "state": "passed",
              "speed": "slow",
              "pass": true,
              "fail": false,
              "pending": false,
              "context": null,
              "code": "await driver.get('http://localhost:3000/pages/CreateTicketPage/');\nlet title = await driver.getTitle();\nassert.equal(\"React App\", title);\nawait driver.manage().setTimeouts({implicit: 1000});\n //TODO - tenant can create tickets\n// // Location\n// await driver.findElement(By.xpath('//*[@id=\"root\"]/div/div/form/div/div[1]/div[1]/textarea')).sendKeys(\"Next to escalator 2A\");\n// // Request Type\n// await driver.findElement(By.xpath(\"//*[@id='root']/div/div/form/div/div[1]/div[1]/div/div/svg\")).click();\n// await driver.manage().setTimeouts({implicit: 200});\n// await driver.findElement(By.xpath(\"//*[@id='root']/div/div/form/div/div[1]/div[1]/div/select/option[2]\")).click();\n// // Request Description\n// await driver.findElement(By.xpath(\"//*[@id='root']/div/div/form/div/div[1]/div[2]/textarea\")).sendKeys(\"Aircon is leaking\");\n// await driver.manage().setTimeouts({implicit: 200});\n// // Submit Button\n// await driver.findElement(By.xpath(\"//*[@id='root']/div/div/form/div/div[2]/button\")).click();\n\n// // await driver.manage().setTimeouts({implicit: 500});\n// // // In Ticket Creation\n// // let result =  await driver.findElement(By.xpath(\"//*[@id='root']/div/div/div/div/form/div/div[3]\")).isDisplayed();\n// // assert.equal(true, result)\n// // awai",
              "err": {},
              "uuid": "0d3cced7-3373-40b3-9382-866a6fedde05",
              "parentUUID": "f2cfaf00-18b3-41be-91d7-c9f26c0a21a3",
              "isHook": false,
              "skipped": false
            }
          ],
          "suites": [],
          "passes": [
            "2cc0e2e2-d461-4bfb-a571-4b033a1611ea",
            "0d3cced7-3373-40b3-9382-866a6fedde05"
          ],
          "failures": [],
          "pending": [],
          "skipped": [],
          "duration": 4829,
          "root": false,
          "rootEmpty": false,
          "_timeout": 10000
        },
        {
          "uuid": "c4957f15-6857-4ff8-89cb-e6e961bc9f13",
          "title": "Successful/Usual Service Ticket Workflow",
          "fullFile": "C:\\Users\\65961\\Documents\\Term 5\\Software_Construction\\esc-cohort3-team1\\tenant-landlord-app\\endtoend_test\\test\\ticket_workflow.spec.js",
          "file": "\\test\\ticket_workflow.spec.js",
          "beforeHooks": [
            {
              "title": "\"before all\" hook in \"Successful/Usual Service Ticket Workflow\"",
              "fullTitle": "Successful/Usual Service Ticket Workflow \"before all\" hook in \"Successful/Usual Service Ticket Workflow\"",
              "timedOut": false,
              "duration": 7122,
              "state": null,
              "speed": null,
              "pass": false,
              "fail": false,
              "pending": false,
              "context": null,
              "code": "tenant_driver = await new Builder().forBrowser('chrome').build();\nlandlord_driver = await new Builder().forBrowser('chrome').build();",
              "err": {},
              "uuid": "9f7633d2-861d-4f1c-bb42-d9486e28bc2b",
              "parentUUID": "c4957f15-6857-4ff8-89cb-e6e961bc9f13",
              "isHook": true,
              "skipped": false
            }
          ],
          "afterHooks": [
            {
              "title": "\"after all\" hook in \"Successful/Usual Service Ticket Workflow\"",
              "fullTitle": "Successful/Usual Service Ticket Workflow \"after all\" hook in \"Successful/Usual Service Ticket Workflow\"",
              "timedOut": false,
              "duration": 221,
              "state": null,
              "speed": null,
              "pass": false,
              "fail": false,
              "pending": false,
              "context": null,
              "code": "await tenant_driver.quit(); await landlord_driver.quit()",
              "err": {},
              "uuid": "dd8db8ad-2484-4111-9334-e9f9f2102155",
              "parentUUID": "c4957f15-6857-4ff8-89cb-e6e961bc9f13",
              "isHook": true,
              "skipped": false
            }
          ],
          "tests": [
            {
              "title": "Select Tenant Option",
              "fullTitle": "Successful/Usual Service Ticket Workflow Select Tenant Option",
              "timedOut": false,
              "duration": 1126,
              "state": "passed",
              "speed": "slow",
              "pass": true,
              "fail": false,
              "pending": false,
              "context": null,
              "code": "await tenant_driver.get('http://localhost:3000/');\nlet title = await tenant_driver.getTitle();\nassert.equal(\"React App\", title);\nawait tenant_driver.manage().setTimeouts({implicit: 300});\n// In first page\nawait tenant_driver.findElement(By.xpath(\"//*[@id='root']/div/div/div/div/div/button[1]\")).click();\nawait tenant_driver.manage().setTimeouts({implicit: 500});\n// In Tenant Login Page\nlet result =  await tenant_driver.findElement(By.xpath(\"//*[@id='root']/div/div/div/div/form/div/h2\")).isDisplayed();\nassert.equal(true, result)",
              "err": {},
              "uuid": "43233f18-29c6-46a5-8f2e-8a16c61be9e2",
              "parentUUID": "c4957f15-6857-4ff8-89cb-e6e961bc9f13",
              "isHook": false,
              "skipped": false
            },
            {
              "title": "Tenant Login",
              "fullTitle": "Successful/Usual Service Ticket Workflow Tenant Login",
              "timedOut": false,
              "duration": 1981,
              "state": "passed",
              "speed": "slow",
              "pass": true,
              "fail": false,
              "pending": false,
              "context": null,
              "code": "// Go to landing page first\n// Reason is because we need to click the button to set user type\nawait tenant_driver.get('http://localhost:3000/');\nlet title = await tenant_driver.getTitle();\nassert.equal(\"React App\", title);\nawait tenant_driver.manage().setTimeouts({implicit: 300});\n// In first page\nawait tenant_driver.findElement(By.xpath(\"//*[@id='root']/div/div/div/div/div/button[1]\")).click();\nawait tenant_driver.manage().setTimeouts({implicit: 300});\nawait tenant_driver.findElement(By.xpath('//*[@id=\"email\"]')).sendKeys('tenant1@gmail.com');\nawait tenant_driver.findElement(By.xpath('//*[@id=\"password\"]')).sendKeys('password');\nawait tenant_driver.findElement(By.xpath('//*[@id=\"loginButton\"]')).click();\n\nawait tenant_driver.manage().setTimeouts({implicit: 800});\n// In Tenant Dashboard\nlet result =  await tenant_driver.findElement(By.xpath(\"//*[@id='emailText']\")).isDisplayed();\nassert.equal(true, result)",
              "err": {},
              "uuid": "22eb2b28-5c0e-4174-b6d2-b659d3d3efea",
              "parentUUID": "c4957f15-6857-4ff8-89cb-e6e961bc9f13",
              "isHook": false,
              "skipped": false
            },
            {
              "title": "Select Landlord Option",
              "fullTitle": "Successful/Usual Service Ticket Workflow Select Landlord Option",
              "timedOut": false,
              "duration": 3575,
              "state": "passed",
              "speed": "slow",
              "pass": true,
              "fail": false,
              "pending": false,
              "context": null,
              "code": "// Go to landing page\nawait landlord_driver.get('http://localhost:3000/');\n// Initial check\nlet title = await landlord_driver.getTitle();\nassert.equal(\"React App\", title);\nawait landlord_driver.manage().setTimeouts({ implicit: 300 });\n// In first page\nawait landlord_driver.findElement(By.xpath(\"//*[@id='root']/div/div/div/div/div/button[2]\")).click();\nawait landlord_driver.manage().setTimeouts({ implicit: 500 });\n// In Landlord Login Page\nlet result = await landlord_driver.findElement(By.xpath(\"//*[@id='root']/div/div/div/div/form/div/h2\")).isDisplayed();\nassert.equal(true, result);",
              "err": {},
              "uuid": "76097651-0726-432a-a992-1a90a771e349",
              "parentUUID": "c4957f15-6857-4ff8-89cb-e6e961bc9f13",
              "isHook": false,
              "skipped": false
            },
            {
              "title": "Landlord Login",
              "fullTitle": "Successful/Usual Service Ticket Workflow Landlord Login",
              "timedOut": false,
              "duration": 770,
              "state": "passed",
              "speed": "slow",
              "pass": true,
              "fail": false,
              "pending": false,
              "context": null,
              "code": "// Go to landing page first\n// Reason is because we need to click the button to set user type\nawait landlord_driver.get('http://localhost:3000/');\nlet title = await landlord_driver.getTitle();\nassert.equal(\"React App\", title);\n    \nawait landlord_driver.manage().setTimeouts({ implicit: 300 });\n    \n// In first page\nawait landlord_driver.findElement(By.xpath(\"//*[@id='root']/div/div/div/div/div/button[2]\")).click();\nawait landlord_driver.manage().setTimeouts({ implicit: 300 });\nawait landlord_driver.findElement(By.xpath('//*[@id=\"email\"]')).sendKeys('landlord1@gmail.com');\nawait landlord_driver.findElement(By.xpath('//*[@id=\"password\"]')).sendKeys('password');\nawait landlord_driver.findElement(By.xpath('//*[@id=\"root\"]/div/div/div/div/form/div/div[3]')).click();\nawait landlord_driver.manage().setTimeouts({ implicit: 800 });\n// In Landlord Dashboard\nlet result = await landlord_driver.findElement(By.xpath(\"//*[@id='root']/div/div/div/div/form/div/div[3]\")).isDisplayed();\nassert.equal(true, result);",
              "err": {},
              "uuid": "2288d3f5-11ea-4546-9f76-3b8b6bbb15c4",
              "parentUUID": "c4957f15-6857-4ff8-89cb-e6e961bc9f13",
              "isHook": false,
              "skipped": false
            },
            {
              "title": "Tenant View Service Tickets",
              "fullTitle": "Successful/Usual Service Ticket Workflow Tenant View Service Tickets",
              "timedOut": false,
              "duration": 350,
              "state": "passed",
              "speed": "slow",
              "pass": true,
              "fail": false,
              "pending": false,
              "context": null,
              "code": "await tenant_driver.get('http://localhost:3000/pages/TicketList/');\nlet title = await tenant_driver.getTitle();\nassert.equal(\"React App\", title);\nawait tenant_driver.manage().setTimeouts({implicit: 300});\n    \nconst result = await tenant_driver.findElement(By.css('#ticketTable')).isDisplayed();\nassert.equal(true, result);",
              "err": {},
              "uuid": "95c60d80-b626-4cc3-b032-e895ed80d764",
              "parentUUID": "c4957f15-6857-4ff8-89cb-e6e961bc9f13",
              "isHook": false,
              "skipped": false
            },
            {
              "title": "Tenant Create Service Ticket",
              "fullTitle": "Successful/Usual Service Ticket Workflow Tenant Create Service Ticket",
              "timedOut": false,
              "duration": 1552,
              "state": "passed",
              "speed": "slow",
              "pass": true,
              "fail": false,
              "pending": false,
              "context": null,
              "code": "await tenant_driver.get('http://localhost:3000/pages/CreateTicketPage/');\nlet title = await tenant_driver.getTitle();\nassert.equal(\"React App\", title);\nawait tenant_driver.manage().setTimeouts({implicit: 1000});\n// Find the dropdown element by its CSS selector\nconst dropdownElement = await tenant_driver.findElement(By.css('select[name=\"requestType\"]'));\n// Click on the dropdown element to open the options list\nawait dropdownElement.click();\n// Find the desired option by its text and click on it\nconst optionLocator = By.xpath(`//select[@name=\"requestType\"]/option[text()=\"Aircon\"]`);\nawait tenant_driver.findElement(optionLocator).click();\nawait tenant_driver.findElement(By.xpath('//*[@id=\"tenantComment\"]')).sendKeys('Dummy Request Description');\n// Find the \"Submit\" button by its CSS selector\nconst submitButton = await tenant_driver.findElement(By.xpath('//*[@name=\"submitButton\"]'));\n// Click on the \"Submit\" button\nawait submitButton.click();\nawait tenant_driver.manage().setTimeouts({implicit: 1000});\n// Check that we get redirected to dashboard\nawait tenant_driver.sleep(1000)\nconst currentURL = await tenant_driver.getCurrentUrl();\nassert.equal('http://localhost:3000/pages/Dashboard', currentURL)",
              "err": {},
              "uuid": "9b3befe4-db8c-4903-8ccc-ea8ff6c87b80",
              "parentUUID": "c4957f15-6857-4ff8-89cb-e6e961bc9f13",
              "isHook": false,
              "skipped": false
            },
            {
              "title": "Tenant View Created Service Ticket",
              "fullTitle": "Successful/Usual Service Ticket Workflow Tenant View Created Service Ticket",
              "timedOut": false,
              "duration": 4502,
              "state": "passed",
              "speed": "slow",
              "pass": true,
              "fail": false,
              "pending": false,
              "context": null,
              "code": "await tenant_driver.get('http://localhost:3000/pages/TicketList/');\nlet title = await tenant_driver.getTitle();\nassert.equal(\"React App\", title);\nawait tenant_driver.manage().setTimeouts({implicit: 300});\nawait tenant_driver.sleep(3000);\n    \n// Can find element but not visible\nconst result = await tenant_driver.findElement(By.xpath(\"//div[text()='Dummy Request Description']\")).isDisplayed();\nassert.equal(false, result);",
              "err": {},
              "uuid": "1edfd880-0e28-4ed7-9a9f-bbee3fb420f7",
              "parentUUID": "c4957f15-6857-4ff8-89cb-e6e961bc9f13",
              "isHook": false,
              "skipped": false
            },
            {
              "title": "Landlord View Service Tickets",
              "fullTitle": "Successful/Usual Service Ticket Workflow Landlord View Service Tickets",
              "timedOut": false,
              "duration": 411,
              "state": "passed",
              "speed": "slow",
              "pass": true,
              "fail": false,
              "pending": false,
              "context": null,
              "code": "await landlord_driver.get('http://localhost:3000/pages/TicketList/');\nlet title = await landlord_driver.getTitle();\nassert.equal(\"React App\", title);\n\nawait landlord_driver.manage().setTimeouts({implicit: 300});\n//TODO - tenant can view tickets\nconst result = await landlord_driver.findElement(By.css('#ticketTable')).isDisplayed();\nassert.equal(true, result);",
              "err": {},
              "uuid": "2726089c-f8e0-4341-a669-b578e3a5c217",
              "parentUUID": "c4957f15-6857-4ff8-89cb-e6e961bc9f13",
              "isHook": false,
              "skipped": false
            },
            {
              "title": "Landlord View Created Service Ticket",
              "fullTitle": "Successful/Usual Service Ticket Workflow Landlord View Created Service Ticket",
              "timedOut": false,
              "duration": 301,
              "state": "passed",
              "speed": "slow",
              "pass": true,
              "fail": false,
              "pending": false,
              "context": null,
              "code": "await landlord_driver.get('http://localhost:3000/pages/TicketList/');\nlet title = await landlord_driver.getTitle();\nassert.equal(\"React App\", title);\nawait landlord_driver.manage().setTimeouts({implicit: 300});\n    \n// Can find element but not visible\nconst result = await landlord_driver.findElement(By.xpath(\"//div[text()='Dummy Request Description']\")).isDisplayed();\nassert.equal(false, result);",
              "err": {},
              "uuid": "69fadd25-3a75-436a-a82c-aeb65e57cd4f",
              "parentUUID": "c4957f15-6857-4ff8-89cb-e6e961bc9f13",
              "isHook": false,
              "skipped": false
            },
            {
              "title": "Landlord Approve Service Ticket",
              "fullTitle": "Successful/Usual Service Ticket Workflow Landlord Approve Service Ticket",
              "timedOut": false,
              "duration": 3446,
              "state": "passed",
              "speed": "slow",
              "pass": true,
              "fail": false,
              "pending": false,
              "context": null,
              "code": "await landlord_driver.get('http://localhost:3000/pages/TicketList/');\nlet title = await landlord_driver.getTitle();\nassert.equal(\"React App\", title);\nawait landlord_driver.manage().setTimeouts({implicit: 300});\n\nconst lastTicket = landlord_driver.findElement(By.xpath(\"//*[@class='chakra-accordion css-0']/div[last()]\"))\nawait landlord_driver.executeScript(\"arguments[0].click();\", lastTicket);\nconst detailsButton = landlord_driver.findElement(By.xpath(\"//*[@class='chakra-accordion css-0']/div[last()]//button[text()='View Details & Actions']\"))\nawait landlord_driver.executeScript(\"arguments[0].click();\", detailsButton);\nlet currentURL = await landlord_driver.getCurrentUrl();\nassert.equal('http://localhost:3000/pages/ViewTicketPage/', currentURL)\nawait landlord_driver.sleep(2000)\nconst quotationCheckbox = landlord_driver.findElement(By.xpath(\"//*[@id='quotationCheckbox']\"))\nconst approveButton = landlord_driver.findElement(By.xpath(\"//button[text()='Approve Ticket']\"))\nawait landlord_driver.executeScript(\"arguments[0].click();\", quotationCheckbox);\nawait landlord_driver.executeScript(\"arguments[0].click();\", approveButton);\nawait landlord_driver.sleep(100)\ncurrentURL = await landlord_driver.getCurrentUrl();\nassert.equal('http://localhost:3000/pages/TicketList', currentURL)\nawait landlord_driver.sleep(300)",
              "err": {},
              "uuid": "d31efe86-f3f9-4452-95a2-0fbf0e9a7fd4",
              "parentUUID": "c4957f15-6857-4ff8-89cb-e6e961bc9f13",
              "isHook": false,
              "skipped": false
            },
            {
              "title": "Landlord Upload Quotation",
              "fullTitle": "Successful/Usual Service Ticket Workflow Landlord Upload Quotation",
              "timedOut": false,
              "duration": 3589,
              "state": "passed",
              "speed": "slow",
              "pass": true,
              "fail": false,
              "pending": false,
              "context": null,
              "code": "const lastTicket = landlord_driver.findElement(By.xpath(\"//*[@class='chakra-accordion css-0']/div[last()]\"))\nawait landlord_driver.executeScript(\"arguments[0].click();\", lastTicket);\nconst detailsButton = landlord_driver.findElement(By.xpath(\"//*[@class='chakra-accordion css-0']/div[last()]//button[text()='View Details & Actions']\"))\nawait landlord_driver.executeScript(\"arguments[0].click();\", detailsButton);\nlet title = await landlord_driver.getTitle();\nassert.equal(\"React App\", title);\nawait landlord_driver.sleep(3000)\nawait landlord_driver.manage().setTimeouts({implicit: 300});\nconst goToQuotationButton = landlord_driver.findElement(By.xpath(\"//button[text()='View/Add Quotation']\"))\nawait landlord_driver.executeScript(\"arguments[0].click();\", goToQuotationButton);\nlet currentURL = await landlord_driver.getCurrentUrl();\nassert.equal('http://localhost:3000/pages/QuotationUploadPage/', currentURL)\nconst chooseFileButton = landlord_driver.findElement(By.xpath(\"//input[@id='files']\"))\nawait chooseFileButton.sendKeys('C:/public/uploads/test.pdf')\nconst uploadButton = landlord_driver.findElement(By.xpath(\"//button[text()='Upload Quotation']\"))\nawait uploadButton.click()\nawait landlord_driver.sleep(200)\ncurrentURL = await landlord_driver.getCurrentUrl();\nassert.equal('http://localhost:3000/pages/ViewTicketPage/', currentURL)",
              "err": {},
              "uuid": "2b932d57-b7fe-424b-9237-38cc10e02e95",
              "parentUUID": "c4957f15-6857-4ff8-89cb-e6e961bc9f13",
              "isHook": false,
              "skipped": false
            },
            {
              "title": "Tenant View & Approve Quotation",
              "fullTitle": "Successful/Usual Service Ticket Workflow Tenant View & Approve Quotation",
              "timedOut": false,
              "duration": 765,
              "state": "passed",
              "speed": "slow",
              "pass": true,
              "fail": false,
              "pending": false,
              "context": null,
              "code": "await tenant_driver.get('http://localhost:3000/pages/TicketList/');\nlet title = await tenant_driver.getTitle();\nassert.equal(\"React App\", title);\nawait tenant_driver.manage().setTimeouts({implicit: 300});\n\nconst lastTicket = tenant_driver.findElement(By.xpath(\"//*[@class='chakra-accordion css-0']/div[last()]\"))\nawait tenant_driver.executeScript(\"arguments[0].click();\", lastTicket);\nconst detailsButton = tenant_driver.findElement(By.xpath(\"//*[@class='chakra-accordion css-0']/div[last()]//button[text()='View Details & Actions']\"))\nawait tenant_driver.executeScript(\"arguments[0].click();\", detailsButton);\nconst goToQuotationButton = tenant_driver.findElement(By.xpath(\"//button[text()='View/Add Quotation']\"))\nawait tenant_driver.executeScript(\"arguments[0].click();\", goToQuotationButton);\nlet currentURL = await tenant_driver.getCurrentUrl();\nassert.equal('http://localhost:3000/pages/QuotationPage/', currentURL)\nconst quotationCheckbox = tenant_driver.findElement(By.xpath(\"//*[@id='quotationCheckbox']\"))\nawait tenant_driver.executeScript(\"arguments[0].click();\", quotationCheckbox);\nconst approveButton = tenant_driver.findElement(By.xpath(\"//button[text()='Approve']\"))\nawait tenant_driver.executeScript(\"arguments[0].click();\", approveButton);\nawait tenant_driver.sleep(200)\ncurrentURL = await landlord_driver.getCurrentUrl();\nassert.equal('http://localhost:3000/pages/ViewTicketPage/', currentURL)",
              "err": {},
              "uuid": "f2405e93-6057-452b-a02d-bb016e1abb5d",
              "parentUUID": "c4957f15-6857-4ff8-89cb-e6e961bc9f13",
              "isHook": false,
              "skipped": false
            },
            {
              "title": "Landlord Start Work",
              "fullTitle": "Successful/Usual Service Ticket Workflow Landlord Start Work",
              "timedOut": false,
              "duration": 773,
              "state": "passed",
              "speed": "slow",
              "pass": true,
              "fail": false,
              "pending": false,
              "context": null,
              "code": "await landlord_driver.get('http://localhost:3000/pages/TicketList/');\nlet title = await tenant_driver.getTitle();\nassert.equal(\"React App\", title);\nawait tenant_driver.manage().setTimeouts({implicit: 300});\n    \nconst lastTicket = landlord_driver.findElement(By.xpath(\"//*[@class='chakra-accordion css-0']/div[last()]\"))\nawait landlord_driver.executeScript(\"arguments[0].click();\", lastTicket);\nconst detailsButton = landlord_driver.findElement(By.xpath(\"//*[@class='chakra-accordion css-0']/div[last()]//button[text()='View Details & Actions']\"))\nawait landlord_driver.executeScript(\"arguments[0].click();\", detailsButton);\nconst startWorkButton = landlord_driver.findElement(By.xpath(\"//button[text()='Start Work']\"))\nawait landlord_driver.executeScript(\"arguments[0].click();\", startWorkButton);\nawait landlord_driver.sleep(200)\nlet currentURL = await landlord_driver.getCurrentUrl();\nassert.equal('http://localhost:3000/pages/TicketList', currentURL)",
              "err": {},
              "uuid": "06a30532-83e1-4fed-8e68-a1279c5006ec",
              "parentUUID": "c4957f15-6857-4ff8-89cb-e6e961bc9f13",
              "isHook": false,
              "skipped": false
            },
            {
              "title": "Landlord End Work",
              "fullTitle": "Successful/Usual Service Ticket Workflow Landlord End Work",
              "timedOut": false,
              "duration": 1754,
              "state": "passed",
              "speed": "slow",
              "pass": true,
              "fail": false,
              "pending": false,
              "context": null,
              "code": "await landlord_driver.get('http://localhost:3000/pages/TicketList/');\nlet title = await tenant_driver.getTitle();\nassert.equal(\"React App\", title);\nawait tenant_driver.manage().setTimeouts({implicit: 300});\n    \nconst lastTicket = landlord_driver.findElement(By.xpath(\"//*[@class='chakra-accordion css-0']/div[last()]\"))\nawait landlord_driver.executeScript(\"arguments[0].click();\", lastTicket);\nconst detailsButton = landlord_driver.findElement(By.xpath(\"//*[@class='chakra-accordion css-0']/div[last()]//button[text()='View Details & Actions']\"))\nawait landlord_driver.executeScript(\"arguments[0].click();\", detailsButton);\nconst startWorkButton = landlord_driver.findElement(By.xpath(\"//button[text()='End Work']\"))\nawait landlord_driver.executeScript(\"arguments[0].click();\", startWorkButton);\nawait landlord_driver.sleep(200)\nlet currentURL = await landlord_driver.getCurrentUrl();\nassert.equal('http://localhost:3000/pages/TicketList', currentURL)",
              "err": {},
              "uuid": "2c70f260-fe3d-49cd-b909-f8487eef7850",
              "parentUUID": "c4957f15-6857-4ff8-89cb-e6e961bc9f13",
              "isHook": false,
              "skipped": false
            },
            {
              "title": "Tenant Give Feedback",
              "fullTitle": "Successful/Usual Service Ticket Workflow Tenant Give Feedback",
              "timedOut": false,
              "duration": 3161,
              "state": "passed",
              "speed": "slow",
              "pass": true,
              "fail": false,
              "pending": false,
              "context": null,
              "code": "await tenant_driver.get('http://localhost:3000/pages/TicketList/');\nlet title = await tenant_driver.getTitle();\nassert.equal(\"React App\", title);\nawait tenant_driver.manage().setTimeouts({implicit: 300});\n\nconst lastTicket = tenant_driver.findElement(By.xpath(\"//*[@class='chakra-accordion css-0']/div[last()]\"))\nawait tenant_driver.executeScript(\"arguments[0].click();\", lastTicket);\nconst detailsButton = tenant_driver.findElement(By.xpath(\"//*[@class='chakra-accordion css-0']/div[last()]//button[text()='View Details & Actions']\"))\nawait tenant_driver.executeScript(\"arguments[0].click();\", detailsButton);\nconst feedbackButton = tenant_driver.findElement(By.xpath(\"//button[text()='Close Ticket & Give Feedback']\"))\nawait tenant_driver.executeScript(\"arguments[0].click();\", feedbackButton);\nawait tenant_driver.sleep(200)\nlet currentURL = await tenant_driver.getCurrentUrl();\nassert.equal('http://localhost:3000/pages/FeedbackForm/', currentURL)\nconst feedbackText = tenant_driver.findElement(By.name('comment'))\nawait feedbackText.sendKeys('Dummy Feedback Comment');\nconst feedbackRating = tenant_driver.findElement(By.xpath(\"//*[@class='chakra-icon css-11w35xc']\"))\nawait feedbackRating.click();\nconst submitButton = tenant_driver.findElement(By.xpath(\"//button[text()='Submit']\"))\nawait submitButton.click()\nawait tenant_driver.sleep(200);\ncurrentURL = await tenant_driver.getCurrentUrl();\nassert.equal('http://localhost:3000/pages/dashboard', currentURL)",
              "err": {},
              "uuid": "56d59eff-d5ce-4c50-95cc-cedbda01574e",
              "parentUUID": "c4957f15-6857-4ff8-89cb-e6e961bc9f13",
              "isHook": false,
              "skipped": false
            },
            {
              "title": "Landlord View Feedback",
              "fullTitle": "Successful/Usual Service Ticket Workflow Landlord View Feedback",
              "timedOut": false,
              "duration": 333,
              "state": "passed",
              "speed": "slow",
              "pass": true,
              "fail": false,
              "pending": false,
              "context": null,
              "code": "const lastTicket = landlord_driver.findElement(By.xpath(\"//*[@class='chakra-accordion css-0']/div[last()]\"))\nawait landlord_driver.executeScript(\"arguments[0].click();\", lastTicket);\nconst detailsButton = landlord_driver.findElement(By.xpath(\"//*[@class='chakra-accordion css-0']/div[last()]//button[text()='View Details & Actions']\"))\nawait landlord_driver.executeScript(\"arguments[0].click();\", detailsButton);\n\nconst result = await landlord_driver.findElement(By.xpath(\"//*[text()='Dummy Feedback Comment']\")).isDisplayed()\nassert.equal(true, result)",
              "err": {},
              "uuid": "02798d3e-b155-400d-ad0f-b029c0a86302",
              "parentUUID": "c4957f15-6857-4ff8-89cb-e6e961bc9f13",
              "isHook": false,
              "skipped": false
            }
          ],
          "suites": [],
          "passes": [
            "43233f18-29c6-46a5-8f2e-8a16c61be9e2",
            "22eb2b28-5c0e-4174-b6d2-b659d3d3efea",
            "76097651-0726-432a-a992-1a90a771e349",
            "2288d3f5-11ea-4546-9f76-3b8b6bbb15c4",
            "95c60d80-b626-4cc3-b032-e895ed80d764",
            "9b3befe4-db8c-4903-8ccc-ea8ff6c87b80",
            "1edfd880-0e28-4ed7-9a9f-bbee3fb420f7",
            "2726089c-f8e0-4341-a669-b578e3a5c217",
            "69fadd25-3a75-436a-a82c-aeb65e57cd4f",
            "d31efe86-f3f9-4452-95a2-0fbf0e9a7fd4",
            "2b932d57-b7fe-424b-9237-38cc10e02e95",
            "f2405e93-6057-452b-a02d-bb016e1abb5d",
            "06a30532-83e1-4fed-8e68-a1279c5006ec",
            "2c70f260-fe3d-49cd-b909-f8487eef7850",
            "56d59eff-d5ce-4c50-95cc-cedbda01574e",
            "02798d3e-b155-400d-ad0f-b029c0a86302"
          ],
          "failures": [],
          "pending": [],
          "skipped": [],
          "duration": 28389,
          "root": false,
          "rootEmpty": false,
          "_timeout": 10000
        }
      ],
      "passes": [],
      "failures": [],
      "pending": [],
      "skipped": [],
      "duration": 0,
      "root": true,
      "rootEmpty": true,
      "_timeout": 10000
    }
  ],
  "meta": {
    "mocha": {
      "version": "10.2.0"
    },
    "mochawesome": {
      "options": {
        "quiet": false,
        "reportFilename": "mochawesome",
        "saveHtml": true,
        "saveJson": true,
        "consoleReporter": "spec",
        "useInlineDiffs": false,
        "code": true
      },
      "version": "7.1.3"
    },
    "marge": {
      "options": null,
      "version": "6.2.0"
    }
  }
}