{
  "stats": {
    "suites": 11,
    "tests": 106,
    "passes": 106,
    "pending": 0,
    "failures": 0,
    "start": "2023-08-10T09:50:14.827Z",
    "end": "2023-08-10T09:53:00.972Z",
    "duration": 166145,
    "testsRegistered": 106,
    "passPercent": 100,
    "pendingPercent": 0,
    "other": 0,
    "hasOther": false,
    "skipped": 0,
    "hasSkipped": false
  },
  "results": [
    {
      "uuid": "e0c7a93d-2d3d-4877-a1b9-4bae89779635",
      "title": "",
      "fullFile": "",
      "file": "",
      "beforeHooks": [],
      "afterHooks": [],
      "tests": [],
      "suites": [
        {
          "uuid": "f3b15842-7a6c-4b4e-918b-2900a354beb8",
          "title": "Successful Service Ticket Workflow (with quotation)",
          "fullFile": "C:\\Users\\65961\\Documents\\Term 5\\Software_Construction\\esc-cohort3-team1\\tenant-landlord-app\\endtoend_test\\test\\happy_wf_1.spec.js",
          "file": "\\test\\happy_wf_1.spec.js",
          "beforeHooks": [
            {
              "title": "\"before all\" hook in \"Successful Service Ticket Workflow (with quotation)\"",
              "fullTitle": "Successful Service Ticket Workflow (with quotation) \"before all\" hook in \"Successful Service Ticket Workflow (with quotation)\"",
              "timedOut": false,
              "duration": 5005,
              "state": null,
              "speed": null,
              "pass": false,
              "fail": false,
              "pending": false,
              "context": null,
              "code": "tenant_driver = await new Builder().forBrowser('chrome').build();\nlandlord_driver = await new Builder().forBrowser('chrome').build();",
              "err": {},
              "uuid": "bfe29fda-2006-4632-8f2a-9cc37b259375",
              "parentUUID": "f3b15842-7a6c-4b4e-918b-2900a354beb8",
              "isHook": true,
              "skipped": false
            }
          ],
          "afterHooks": [
            {
              "title": "\"after all\" hook in \"Successful Service Ticket Workflow (with quotation)\"",
              "fullTitle": "Successful Service Ticket Workflow (with quotation) \"after all\" hook in \"Successful Service Ticket Workflow (with quotation)\"",
              "timedOut": false,
              "duration": 58,
              "state": null,
              "speed": null,
              "pass": false,
              "fail": false,
              "pending": false,
              "context": null,
              "code": "await tenant_driver.quit(); await landlord_driver.quit()",
              "err": {},
              "uuid": "1d577661-4cab-4956-bcb7-d26a512d4d13",
              "parentUUID": "f3b15842-7a6c-4b4e-918b-2900a354beb8",
              "isHook": true,
              "skipped": false
            }
          ],
          "tests": [
            {
              "title": "Select Tenant Option",
              "fullTitle": "Successful Service Ticket Workflow (with quotation) Select Tenant Option",
              "timedOut": false,
              "duration": 1134,
              "state": "passed",
              "speed": "slow",
              "pass": true,
              "fail": false,
              "pending": false,
              "context": null,
              "code": "await tenant_driver.get('http://localhost:3000/');\n  \nlet title = await tenant_driver.getTitle();\nassert.equal(\"React App\", title);\n  \n// In first page\nlet tenantButton = await tenant_driver.wait(until.elementIsVisible(\n    tenant_driver.findElement(By.xpath('//*[@id=\"root\"]/div/div/div/div/div/button[1]'))));\nawait tenantButton.click();\n  \n// In Tenant Login Page\nlet loginText = await tenant_driver.wait(until.elementIsVisible(\n    tenant_driver.findElement(By.xpath(\"//*[@id='root']/div/div/div/div/form/div/h2\"))));\nlet result = await loginText.getText();\nassert.equal(\"Welcome tenant!\", result);",
              "err": {},
              "uuid": "4d600dbd-a438-4366-88bd-039474fc1be6",
              "parentUUID": "f3b15842-7a6c-4b4e-918b-2900a354beb8",
              "isHook": false,
              "skipped": false
            },
            {
              "title": "Tenant login",
              "fullTitle": "Successful Service Ticket Workflow (with quotation) Tenant login",
              "timedOut": false,
              "duration": 450,
              "state": "passed",
              "speed": "slow",
              "pass": true,
              "fail": false,
              "pending": false,
              "context": null,
              "code": "// Sign in details: email, password, button\n      let email_in = await tenant_driver.wait(until.elementIsVisible(\n        tenant_driver.findElement(By.xpath('//*[@id=\"email\"]'))));\n      await email_in.sendKeys('tenant1@gmail.com');\n\n      let pw_in = await tenant_driver.wait(until.elementIsVisible(\n        tenant_driver.findElement(By.xpath('//*[@type=\"password\"]'))));\n      await pw_in.sendKeys('password');\n\n      let submit_button = await tenant_driver.wait(until.elementIsVisible(\n        tenant_driver.findElement(By.xpath('//*[@type=\"submit\"]'))));\n      await submit_button.click();\n\n       await tenant_driver.manage().setTimeouts({implicit: 1000});\n\n      // In Tenant Dashboard\n      let next_pg = await tenant_driver.wait(until.elementIsVisible(\n        tenant_driver.findElement(By.xpath('//*[@id=\"emailText\"]'))));\n      let result = await next_pg.getText();\n      assert.equal(\"Welcome, tenant1@gmail.com\", result);",
              "err": {},
              "uuid": "14536b38-b4a1-42c8-bb30-a7d646d61f9e",
              "parentUUID": "f3b15842-7a6c-4b4e-918b-2900a354beb8",
              "isHook": false,
              "skipped": false
            },
            {
              "title": "Tenant Create Service Ticket",
              "fullTitle": "Successful Service Ticket Workflow (with quotation) Tenant Create Service Ticket",
              "timedOut": false,
              "duration": 1576,
              "state": "passed",
              "speed": "slow",
              "pass": true,
              "fail": false,
              "pending": false,
              "context": null,
              "code": "// Click on \"Create Service Ticket\"\n        let create_service_ticket = await tenant_driver.wait(until.elementIsVisible(\n          tenant_driver.findElement(By.xpath('//*[@id=\"root\"]/div/div/div[1]/div[1]/div[4]/a'))\n        ))\n        await create_service_ticket.click();\n  \n  \n        await tenant_driver.manage().setTimeouts({implicit: 1000});\n  \n        // Request Type\n        let req_type = await tenant_driver.wait(until.elementIsVisible(\n          tenant_driver.findElement(By.xpath('//*[@name=\"requestType\"]'))\n        ));\n        await req_type.click();\n        let sel_dropdown= await tenant_driver.wait(until.elementIsVisible(\n          tenant_driver.findElement(By.xpath(`//select[@name=\"requestType\"]/option[2]`))\n        ));\n        await sel_dropdown.click();\n  \n        // Request Description\n        let description= await tenant_driver.wait(until.elementIsVisible(\n          tenant_driver.findElement(By.xpath('//*[@id=\"tenantComment\"]'))\n        ));\n        await description.sendKeys(\"Aircon is not cold\");\n  \n        await tenant_driver.executeScript(\"window.scrollBy(0,250)\", \"\");\n  \n        // Submit Button\n        let submit= await tenant_driver.wait(until.elementIsVisible(\n          tenant_driver.findElement(By.xpath('//*[@name=\"submitButton\"]'))\n        ));\n        await submit.click();\n          \n        await tenant_driver.sleep(1000)\n        await tenant_driver.manage().setTimeouts({implicit: 2000});\n  \n        // Check if it enters dashboard again\n        const currentURL = await tenant_driver.getCurrentUrl();\n        assert.equal('http://localhost:3000/pages/Dashboard', currentURL)",
              "err": {},
              "uuid": "c03870d9-8132-4989-9fbd-8183012f615d",
              "parentUUID": "f3b15842-7a6c-4b4e-918b-2900a354beb8",
              "isHook": false,
              "skipped": false
            },
            {
              "title": "Select Landlord Option",
              "fullTitle": "Successful Service Ticket Workflow (with quotation) Select Landlord Option",
              "timedOut": false,
              "duration": 1243,
              "state": "passed",
              "speed": "slow",
              "pass": true,
              "fail": false,
              "pending": false,
              "context": null,
              "code": "await landlord_driver.get('http://localhost:3000/');\n      \nlet title = await landlord_driver.getTitle();\nassert.equal(\"React App\", title);\n      \n// In first page\nlet landlordButton = await landlord_driver.wait(until.elementIsVisible(\n    landlord_driver.findElement(By.xpath(\"//*[@id='root']/div/div/div/div/div/button[2]\"))));\nawait landlordButton.click();\n      \n // In Landlord Login Page\n let loginText = await landlord_driver.wait(until.elementIsVisible(\n     landlord_driver.findElement(By.xpath('//*[@id=\"root\"]/div/div/div/div/form/div/h2'))));\n let result = await loginText.getText();\n assert.equal(\"Welcome landlord!\", result);",
              "err": {},
              "uuid": "e79d211c-d39e-4776-b872-96368f87e011",
              "parentUUID": "f3b15842-7a6c-4b4e-918b-2900a354beb8",
              "isHook": false,
              "skipped": false
            },
            {
              "title": "Landlord login",
              "fullTitle": "Successful Service Ticket Workflow (with quotation) Landlord login",
              "timedOut": false,
              "duration": 606,
              "state": "passed",
              "speed": "slow",
              "pass": true,
              "fail": false,
              "pending": false,
              "context": null,
              "code": "// Sign in details: email, password, button\n  let email_in = await landlord_driver.wait(until.elementIsVisible(\n    landlord_driver.findElement(By.xpath('//*[@id=\"email\"]'))));\n  await email_in.sendKeys('landlord1@gmail.com');\n    \n  let pw_in = await landlord_driver.wait(until.elementIsVisible(\n  landlord_driver.findElement(By.xpath('//*[@type=\"password\"]'))));\n  await pw_in.sendKeys('password');\n\n  let submit_button = await landlord_driver.wait(until.elementIsVisible(\n    landlord_driver.findElement(By.xpath('//*[@type=\"submit\"]'))));\n  await submit_button.click();\n\n  await landlord_driver.manage().setTimeouts({implicit: 1000});\n\n  // In Landlord Dashboard\n  let next_pg = await landlord_driver.wait(until.elementIsVisible(\n    landlord_driver.findElement(By.xpath('//*[@id=\"emailText\"]'))));\n  let result = await next_pg.getText();\n  assert.equal(\"Welcome, landlord1@gmail.com\", result);",
              "err": {},
              "uuid": "dbede9b1-b017-4025-9c4b-47637aeff2a8",
              "parentUUID": "f3b15842-7a6c-4b4e-918b-2900a354beb8",
              "isHook": false,
              "skipped": false
            },
            {
              "title": "Landlord View Service Tickets",
              "fullTitle": "Successful Service Ticket Workflow (with quotation) Landlord View Service Tickets",
              "timedOut": false,
              "duration": 324,
              "state": "passed",
              "speed": "slow",
              "pass": true,
              "fail": false,
              "pending": false,
              "context": null,
              "code": "// Click on \"Service Ticket List\"\nlet ticket_list = await landlord_driver.wait(until.elementIsVisible(\nlandlord_driver.findElement(By.xpath('//*[@id=\"root\"]/div/div/div[1]/div[1]/div[3]/a'))\n      ))\n      await ticket_list.click();\n  \n      // Check if ticket portal is shown\n      const currentURL = await landlord_driver.getCurrentUrl();\n      assert.equal('http://localhost:3000/pages/TicketList', currentURL)",
              "err": {},
              "uuid": "3d5cd9c8-6057-4d83-9b21-fca82bb47f53",
              "parentUUID": "f3b15842-7a6c-4b4e-918b-2900a354beb8",
              "isHook": false,
              "skipped": false
            },
            {
              "title": "Landlord Select Service Ticket (Dropdown)",
              "fullTitle": "Successful Service Ticket Workflow (with quotation) Landlord Select Service Ticket (Dropdown)",
              "timedOut": false,
              "duration": 136,
              "state": "passed",
              "speed": "slow",
              "pass": true,
              "fail": false,
              "pending": false,
              "context": null,
              "code": "// Find ticket\nawait landlord_driver.manage().setTimeouts({implicit: 3000});\nconst lastTicket = landlord_driver.findElement(By.xpath(\"//*[@class='chakra-accordion css-0']/div[last()]/div/button\"))\nawait landlord_driver.executeScript(\"arguments[0].click();\", lastTicket);",
              "err": {},
              "uuid": "f804c771-51dc-4665-b8f5-2f8dba8ffa0f",
              "parentUUID": "f3b15842-7a6c-4b4e-918b-2900a354beb8",
              "isHook": false,
              "skipped": false
            },
            {
              "title": "Landlord Self Assign Service Ticket",
              "fullTitle": "Successful Service Ticket Workflow (with quotation) Landlord Self Assign Service Ticket",
              "timedOut": false,
              "duration": 6181,
              "state": "passed",
              "speed": "slow",
              "pass": true,
              "fail": false,
              "pending": false,
              "context": null,
              "code": "await landlord_driver.manage().setTimeouts({implicit: 1000});\n//await landlord_driver.sleep(2000)\n// Click self assign button\nconst self_assign_button = landlord_driver.findElement(By.xpath('//*[@class=\"chakra-accordion css-0\"]/div[last()]/div/div/div/div/button'))\nawait landlord_driver.executeScript(\"arguments[0].click();\", self_assign_button);\nawait landlord_driver.manage().setTimeouts({implicit: 2000});\n\n// Click landlord\nconst landlord_button = landlord_driver.findElement(By.xpath('//*[@class=\"chakra-accordion css-0\"]/div[last()]//button[text()=\"landlord1@gmail.com\"]'))\nawait landlord_driver.executeScript(\"arguments[0].click();\", landlord_button);\nawait landlord_driver.sleep(2000)\n// Click confirm assignment\nconst cfm_assignment = landlord_driver.findElement(By.xpath('//*[@class=\"chakra-accordion css-0\"]/div[last()]//button[text()=\"Confirm Assignment\"]'))\nawait landlord_driver.executeScript(\"arguments[0].click();\", cfm_assignment);\nawait landlord_driver.manage().setTimeouts({implicit: 1000});\nawait landlord_driver.sleep(2000)\n// Click view details and action\nconst view_details = landlord_driver.findElement(By.xpath('//*[@class=\"chakra-accordion css-0\"]/div[last()]//button[text()=\"View Details & Actions\"]'))\nawait landlord_driver.executeScript(\"arguments[0].click();\", view_details);\nawait landlord_driver.sleep(2000)\n// Enter new page\nlet currentURL = await landlord_driver.getCurrentUrl();\nassert.equal('http://localhost:3000/pages/ViewTicketPage/', currentURL)",
              "err": {},
              "uuid": "da11a95e-d4bc-48c4-8de2-4b99783469df",
              "parentUUID": "f3b15842-7a6c-4b4e-918b-2900a354beb8",
              "isHook": false,
              "skipped": false
            },
            {
              "title": "Landlord Approve Service Ticket",
              "fullTitle": "Successful Service Ticket Workflow (with quotation) Landlord Approve Service Ticket",
              "timedOut": false,
              "duration": 188,
              "state": "passed",
              "speed": "slow",
              "pass": true,
              "fail": false,
              "pending": false,
              "context": null,
              "code": "await tenant_driver.manage().setTimeouts({implicit: 300});\nlet quotationCheckbox = await landlord_driver.wait(until.elementIsVisible(\n  landlord_driver.findElement(By.xpath(\"//*[@id='quotationCheckbox']\"))\n));\nlet approveButton = await landlord_driver.wait(until.elementIsVisible(\n  landlord_driver.findElement(By.xpath(\"//button[text()='Approve Ticket']\"))\n));\nawait landlord_driver.executeScript(\"arguments[0].click();\", quotationCheckbox);\nawait landlord_driver.executeScript(\"arguments[0].click();\", approveButton);\nawait landlord_driver.sleep(100)\ncurrentURL = await landlord_driver.getCurrentUrl();\nassert.equal('http://localhost:3000/pages/TicketList', currentURL)",
              "err": {},
              "uuid": "73b5e675-fc22-4e2b-b7c0-81578b3c2c76",
              "parentUUID": "f3b15842-7a6c-4b4e-918b-2900a354beb8",
              "isHook": false,
              "skipped": false
            },
            {
              "title": "Landlord Upload Quotation",
              "fullTitle": "Successful Service Ticket Workflow (with quotation) Landlord Upload Quotation",
              "timedOut": false,
              "duration": 360,
              "state": "passed",
              "speed": "slow",
              "pass": true,
              "fail": false,
              "pending": false,
              "context": null,
              "code": "const lastTicket = landlord_driver.findElement(By.xpath(\"//*[@class='chakra-accordion css-0']/div[last()]\"))\nawait landlord_driver.executeScript(\"arguments[0].click();\", lastTicket);\nconst detailsButton = landlord_driver.findElement(By.xpath(\"//*[@class='chakra-accordion css-0']/div[last()]//button[text()='View Details & Actions']\"))\nawait landlord_driver.executeScript(\"arguments[0].click();\", detailsButton);\nawait landlord_driver.manage().setTimeouts({implicit: 300});\nconst addQuotationButton = landlord_driver.findElement(By.xpath(\"//button[text()='View/Add Quotation']\"))\nawait landlord_driver.executeScript(\"arguments[0].click();\", addQuotationButton);\nlet currentURL = await landlord_driver.getCurrentUrl();\nassert.equal('http://localhost:3000/pages/QuotationUploadPage/', currentURL)\nconst chooseFileButton = landlord_driver.findElement(By.xpath(\"//input[@id='files']\"))\nawait chooseFileButton.sendKeys('C:/public/uploads/test.pdf')\nconst uploadButton = landlord_driver.findElement(By.xpath(\"//button[text()='Upload Quotation']\"))\nawait uploadButton.click()\nawait landlord_driver.sleep(200)\ncurrentURL = await landlord_driver.getCurrentUrl();\nassert.equal('http://localhost:3000/pages/ViewTicketPage/', currentURL)",
              "err": {},
              "uuid": "fa20fabc-fc6e-49d4-bad1-732c235b8221",
              "parentUUID": "f3b15842-7a6c-4b4e-918b-2900a354beb8",
              "isHook": false,
              "skipped": false
            },
            {
              "title": "Tenant View Quotation",
              "fullTitle": "Successful Service Ticket Workflow (with quotation) Tenant View Quotation",
              "timedOut": false,
              "duration": 325,
              "state": "passed",
              "speed": "slow",
              "pass": true,
              "fail": false,
              "pending": false,
              "context": null,
              "code": "await tenant_driver.get('http://localhost:3000/pages/TicketList/');\nawait tenant_driver.manage().setTimeouts({implicit: 300});\nconst lastTicket = tenant_driver.findElement(By.xpath(\"//*[@class='chakra-accordion css-0']/div[last()]\"))\nawait tenant_driver.executeScript(\"arguments[0].click();\", lastTicket);\nconst detailsButton = tenant_driver.findElement(By.xpath(\"//*[@class='chakra-accordion css-0']/div[last()]//button[text()='View Details & Actions']\"))\nawait tenant_driver.executeScript(\"arguments[0].click();\", detailsButton);\nconst viewQuotationButton = tenant_driver.findElement(By.xpath(\"//button[text()='View/Add Quotation']\"))\nawait tenant_driver.executeScript(\"arguments[0].click();\", viewQuotationButton);\nlet currentURL = await tenant_driver.getCurrentUrl();\nassert.equal('http://localhost:3000/pages/QuotationPage/', currentURL)",
              "err": {},
              "uuid": "1e69cbed-1df5-46b9-a23a-f9caf9ad6fa7",
              "parentUUID": "f3b15842-7a6c-4b4e-918b-2900a354beb8",
              "isHook": false,
              "skipped": false
            },
            {
              "title": "Tenant Approve Quotation",
              "fullTitle": "Successful Service Ticket Workflow (with quotation) Tenant Approve Quotation",
              "timedOut": false,
              "duration": 319,
              "state": "passed",
              "speed": "slow",
              "pass": true,
              "fail": false,
              "pending": false,
              "context": null,
              "code": "await tenant_driver.manage().setTimeouts({implicit: 300});\nconst quotationCheckbox = tenant_driver.findElement(By.xpath(\"//*[@id='quotationCheckbox']\"))\nawait tenant_driver.executeScript(\"arguments[0].click();\", quotationCheckbox);\nconst approveButton = tenant_driver.findElement(By.xpath(\"//button[text()='Approve']\"))\nawait tenant_driver.executeScript(\"arguments[0].click();\", approveButton);\nawait tenant_driver.sleep(200)\ncurrentURL = await landlord_driver.getCurrentUrl();\nassert.equal('http://localhost:3000/pages/ViewTicketPage/', currentURL)",
              "err": {},
              "uuid": "6b903df2-027d-4934-94fe-f137759b8d1a",
              "parentUUID": "f3b15842-7a6c-4b4e-918b-2900a354beb8",
              "isHook": false,
              "skipped": false
            },
            {
              "title": "Landlord Starts Work",
              "fullTitle": "Successful Service Ticket Workflow (with quotation) Landlord Starts Work",
              "timedOut": false,
              "duration": 709,
              "state": "passed",
              "speed": "slow",
              "pass": true,
              "fail": false,
              "pending": false,
              "context": null,
              "code": "await landlord_driver.get('http://localhost:3000/pages/TicketList/');\nawait landlord_driver.manage().setTimeouts({implicit: 600});\nconst lastTicket = landlord_driver.findElement(By.xpath(\"//*[@class='chakra-accordion css-0']/div[last()]\"))\nawait landlord_driver.executeScript(\"arguments[0].click();\", lastTicket);\nconst detailsButton = landlord_driver.findElement(By.xpath(\"//*[@class='chakra-accordion css-0']/div[last()]//button[text()='View Details & Actions']\"))\nawait landlord_driver.executeScript(\"arguments[0].click();\", detailsButton);\nconst startWorkButton = landlord_driver.findElement(By.xpath(\"//button[text()='Start Work']\"))\nawait landlord_driver.executeScript(\"arguments[0].click();\", startWorkButton);\nawait landlord_driver.sleep(200)\nlet currentURL = await landlord_driver.getCurrentUrl();\nassert.equal('http://localhost:3000/pages/TicketList', currentURL)",
              "err": {},
              "uuid": "097aa935-fa65-4791-b25a-2025b62c992d",
              "parentUUID": "f3b15842-7a6c-4b4e-918b-2900a354beb8",
              "isHook": false,
              "skipped": false
            },
            {
              "title": "Landlord Ends Work",
              "fullTitle": "Successful Service Ticket Workflow (with quotation) Landlord Ends Work",
              "timedOut": false,
              "duration": 705,
              "state": "passed",
              "speed": "slow",
              "pass": true,
              "fail": false,
              "pending": false,
              "context": null,
              "code": "await landlord_driver.get('http://localhost:3000/pages/TicketList/');\nawait landlord_driver.manage().setTimeouts({implicit: 600});\nconst lastTicket = landlord_driver.findElement(By.xpath(\"//*[@class='chakra-accordion css-0']/div[last()]\"))\nawait landlord_driver.executeScript(\"arguments[0].click();\", lastTicket);\nconst detailsButton = landlord_driver.findElement(By.xpath(\"//*[@class='chakra-accordion css-0']/div[last()]//button[text()='View Details & Actions']\"))\nawait landlord_driver.executeScript(\"arguments[0].click();\", detailsButton);\nconst startWorkButton = landlord_driver.findElement(By.xpath(\"//button[text()='End Work']\"))\nawait landlord_driver.executeScript(\"arguments[0].click();\", startWorkButton);\nawait landlord_driver.sleep(200);\nlet currentURL = await landlord_driver.getCurrentUrl();\nassert.equal('http://localhost:3000/pages/TicketList', currentURL)",
              "err": {},
              "uuid": "f1dd4139-3556-4ac9-9a06-f02260bc04cb",
              "parentUUID": "f3b15842-7a6c-4b4e-918b-2900a354beb8",
              "isHook": false,
              "skipped": false
            },
            {
              "title": "Tenant Give Feedback",
              "fullTitle": "Successful Service Ticket Workflow (with quotation) Tenant Give Feedback",
              "timedOut": false,
              "duration": 3660,
              "state": "passed",
              "speed": "slow",
              "pass": true,
              "fail": false,
              "pending": false,
              "context": null,
              "code": "await tenant_driver.get('http://localhost:3000/pages/TicketList/');\nawait tenant_driver.manage().setTimeouts({implicit: 600});\n\nconst lastTicket = tenant_driver.findElement(By.xpath(\"//*[@class='chakra-accordion css-0']/div[last()]\"))\nawait tenant_driver.executeScript(\"arguments[0].click();\", lastTicket);\nconst detailsButton = tenant_driver.findElement(By.xpath(\"//*[@class='chakra-accordion css-0']/div[last()]//button[text()='View Details & Actions']\"))\nawait tenant_driver.executeScript(\"arguments[0].click();\", detailsButton);\nconst feedbackButton = tenant_driver.findElement(By.xpath(\"//button[text()='Close Ticket & Give Feedback']\"))\nawait tenant_driver.executeScript(\"arguments[0].click();\", feedbackButton);\nawait tenant_driver.manage().setTimeouts({implicit: 2000});\nlet currentURL = await tenant_driver.getCurrentUrl();\nassert.equal('http://localhost:3000/pages/FeedbackForm/', currentURL)\nconst feedbackText = tenant_driver.findElement(By.name('comment'))\nawait feedbackText.sendKeys('Dummy Feedback Comment');\nconst feedbackRating = tenant_driver.findElement(By.xpath(\"//*[@class='chakra-icon css-11w35xc']\"))\nawait feedbackRating.click();\nawait tenant_driver.manage().setTimeouts({implicit: 1000});\nconst submitButton = tenant_driver.findElement(By.xpath(\"//button[text()='Submit']\"))\nawait submitButton.click()\nawait tenant_driver.manage().setTimeouts({implicit: 2000});\nawait tenant_driver.sleep(3000)\nnextURL = await tenant_driver.getCurrentUrl();\nassert.equal('http://localhost:3000/pages/dashboard', nextURL)\nawait tenant_driver.manage().setTimeouts({implicit: 2000});",
              "err": {},
              "uuid": "0667a893-2d8a-49bb-8001-05c2335d4cac",
              "parentUUID": "f3b15842-7a6c-4b4e-918b-2900a354beb8",
              "isHook": false,
              "skipped": false
            },
            {
              "title": "Landlord View Feedback",
              "fullTitle": "Successful Service Ticket Workflow (with quotation) Landlord View Feedback",
              "timedOut": false,
              "duration": 95,
              "state": "passed",
              "speed": "slow",
              "pass": true,
              "fail": false,
              "pending": false,
              "context": null,
              "code": "const lastTicket = landlord_driver.findElement(By.xpath(\"//*[@class='chakra-accordion css-0']/div[last()]/div/button\"))\nawait landlord_driver.executeScript(\"arguments[0].click();\", lastTicket);\nconst detailsButton = landlord_driver.findElement(By.xpath(\"//*[@class='chakra-accordion css-0']/div[last()]//button[text()='View Details & Actions']\"))\nawait landlord_driver.executeScript(\"arguments[0].click();\", detailsButton);\nlet result = await landlord_driver.wait(until.elementIsVisible(\n  landlord_driver.findElement(By.xpath('//*[@id=\"root\"]/div/div/div[3]/div/div/div[1]/textarea'))\n  ));\nlet feedback = await result.getText();\nassert.equal(\"Dummy Feedback Comment\", feedback)",
              "err": {},
              "uuid": "245dbb8c-0a76-4707-81f7-158dcf962965",
              "parentUUID": "f3b15842-7a6c-4b4e-918b-2900a354beb8",
              "isHook": false,
              "skipped": false
            },
            {
              "title": "Landlord Sign Out",
              "fullTitle": "Successful Service Ticket Workflow (with quotation) Landlord Sign Out",
              "timedOut": false,
              "duration": 45,
              "state": "passed",
              "speed": "medium",
              "pass": true,
              "fail": false,
              "pending": false,
              "context": null,
              "code": "// Click on \"Service Ticket List\"\n    let signout = await landlord_driver.wait(until.elementIsVisible(\n      landlord_driver.findElement(By.xpath('//*[@id=\"root\"]/div/div/div[1]/div[3]/button'))\n    ))\n    await signout.click();\n    await landlord_driver.manage().setTimeouts({implicit: 500});\n    // Check if ticket portal is shown\n    const currentURL = await landlord_driver.getCurrentUrl();\n    assert.equal('http://localhost:3000/', currentURL)",
              "err": {},
              "uuid": "5847b702-8a2d-44e2-95a2-4a365d9a52ee",
              "parentUUID": "f3b15842-7a6c-4b4e-918b-2900a354beb8",
              "isHook": false,
              "skipped": false
            },
            {
              "title": "Tenant Sign Out",
              "fullTitle": "Successful Service Ticket Workflow (with quotation) Tenant Sign Out",
              "timedOut": false,
              "duration": 50,
              "state": "passed",
              "speed": "medium",
              "pass": true,
              "fail": false,
              "pending": false,
              "context": null,
              "code": "// Click on \"Service Ticket List\"\nlet signout = await tenant_driver.wait(until.elementIsVisible(\n  tenant_driver.findElement(By.xpath('//*[@id=\"root\"]/div/div/div[1]/div[3]/button'))\n))\nawait signout.click();\nawait tenant_driver.manage().setTimeouts({implicit: 500});\n// Check if ticket portal is shown\nconst currentURL = await tenant_driver.getCurrentUrl();\nassert.equal('http://localhost:3000/', currentURL)",
              "err": {},
              "uuid": "84a3b1fc-c6ef-4454-8305-585f2817ec40",
              "parentUUID": "f3b15842-7a6c-4b4e-918b-2900a354beb8",
              "isHook": false,
              "skipped": false
            }
          ],
          "suites": [],
          "passes": [
            "4d600dbd-a438-4366-88bd-039474fc1be6",
            "14536b38-b4a1-42c8-bb30-a7d646d61f9e",
            "c03870d9-8132-4989-9fbd-8183012f615d",
            "e79d211c-d39e-4776-b872-96368f87e011",
            "dbede9b1-b017-4025-9c4b-47637aeff2a8",
            "3d5cd9c8-6057-4d83-9b21-fca82bb47f53",
            "f804c771-51dc-4665-b8f5-2f8dba8ffa0f",
            "da11a95e-d4bc-48c4-8de2-4b99783469df",
            "73b5e675-fc22-4e2b-b7c0-81578b3c2c76",
            "fa20fabc-fc6e-49d4-bad1-732c235b8221",
            "1e69cbed-1df5-46b9-a23a-f9caf9ad6fa7",
            "6b903df2-027d-4934-94fe-f137759b8d1a",
            "097aa935-fa65-4791-b25a-2025b62c992d",
            "f1dd4139-3556-4ac9-9a06-f02260bc04cb",
            "0667a893-2d8a-49bb-8001-05c2335d4cac",
            "245dbb8c-0a76-4707-81f7-158dcf962965",
            "5847b702-8a2d-44e2-95a2-4a365d9a52ee",
            "84a3b1fc-c6ef-4454-8305-585f2817ec40"
          ],
          "failures": [],
          "pending": [],
          "skipped": [],
          "duration": 18106,
          "root": false,
          "rootEmpty": false,
          "_timeout": 10000
        },
        {
          "uuid": "43957796-9b85-4f25-9f18-83a4ddb8e809",
          "title": "Successful Service Ticket Workflow (without quotation)",
          "fullFile": "C:\\Users\\65961\\Documents\\Term 5\\Software_Construction\\esc-cohort3-team1\\tenant-landlord-app\\endtoend_test\\test\\happy_wf_2.spec.js",
          "file": "\\test\\happy_wf_2.spec.js",
          "beforeHooks": [
            {
              "title": "\"before all\" hook in \"Successful Service Ticket Workflow (without quotation)\"",
              "fullTitle": "Successful Service Ticket Workflow (without quotation) \"before all\" hook in \"Successful Service Ticket Workflow (without quotation)\"",
              "timedOut": false,
              "duration": 5684,
              "state": null,
              "speed": null,
              "pass": false,
              "fail": false,
              "pending": false,
              "context": null,
              "code": "tenant_driver = await new Builder().forBrowser('chrome').build();\nlandlord_driver = await new Builder().forBrowser('chrome').build();",
              "err": {},
              "uuid": "03cd1139-34b1-4a1b-ad55-12e6f35224f9",
              "parentUUID": "43957796-9b85-4f25-9f18-83a4ddb8e809",
              "isHook": true,
              "skipped": false
            }
          ],
          "afterHooks": [
            {
              "title": "\"after all\" hook in \"Successful Service Ticket Workflow (without quotation)\"",
              "fullTitle": "Successful Service Ticket Workflow (without quotation) \"after all\" hook in \"Successful Service Ticket Workflow (without quotation)\"",
              "timedOut": false,
              "duration": 64,
              "state": null,
              "speed": null,
              "pass": false,
              "fail": false,
              "pending": false,
              "context": null,
              "code": "await tenant_driver.quit(); await landlord_driver.quit()",
              "err": {},
              "uuid": "ff7fd4d7-199a-4913-aea1-052906955b11",
              "parentUUID": "43957796-9b85-4f25-9f18-83a4ddb8e809",
              "isHook": true,
              "skipped": false
            }
          ],
          "tests": [
            {
              "title": "Select Tenant Option",
              "fullTitle": "Successful Service Ticket Workflow (without quotation) Select Tenant Option",
              "timedOut": false,
              "duration": 1447,
              "state": "passed",
              "speed": "slow",
              "pass": true,
              "fail": false,
              "pending": false,
              "context": null,
              "code": "await tenant_driver.get('http://localhost:3000/');\n  \nlet title = await tenant_driver.getTitle();\nassert.equal(\"React App\", title);\n  \n// In first page\nlet tenantButton = await tenant_driver.wait(until.elementIsVisible(\n    tenant_driver.findElement(By.xpath('//*[@id=\"root\"]/div/div/div/div/div/button[1]'))));\nawait tenantButton.click();\n  \n// In Tenant Login Page\nlet loginText = await tenant_driver.wait(until.elementIsVisible(\n    tenant_driver.findElement(By.xpath(\"//*[@id='root']/div/div/div/div/form/div/h2\"))));\nlet result = await loginText.getText();\nassert.equal(\"Welcome tenant!\", result);",
              "err": {},
              "uuid": "8472154f-850b-401a-bf40-5463f20ae89d",
              "parentUUID": "43957796-9b85-4f25-9f18-83a4ddb8e809",
              "isHook": false,
              "skipped": false
            },
            {
              "title": "Tenant login",
              "fullTitle": "Successful Service Ticket Workflow (without quotation) Tenant login",
              "timedOut": false,
              "duration": 698,
              "state": "passed",
              "speed": "slow",
              "pass": true,
              "fail": false,
              "pending": false,
              "context": null,
              "code": "// Sign in details: email, password, button\n      let email_in = await tenant_driver.wait(until.elementIsVisible(\n        tenant_driver.findElement(By.xpath('//*[@id=\"email\"]'))));\n      await email_in.sendKeys('tenant1@gmail.com');\n\n      let pw_in = await tenant_driver.wait(until.elementIsVisible(\n        tenant_driver.findElement(By.xpath('//*[@type=\"password\"]'))));\n      await pw_in.sendKeys('password');\n\n      let submit_button = await tenant_driver.wait(until.elementIsVisible(\n        tenant_driver.findElement(By.xpath('//*[@type=\"submit\"]'))));\n      await submit_button.click();\n\n       await tenant_driver.manage().setTimeouts({implicit: 1000});\n\n      // In Tenant Dashboard\n      let next_pg = await tenant_driver.wait(until.elementIsVisible(\n        tenant_driver.findElement(By.xpath('//*[@id=\"emailText\"]'))));\n      let result = await next_pg.getText();\n      assert.equal(\"Welcome, tenant1@gmail.com\", result);",
              "err": {},
              "uuid": "c29e099f-f427-44f8-88d9-315392156f80",
              "parentUUID": "43957796-9b85-4f25-9f18-83a4ddb8e809",
              "isHook": false,
              "skipped": false
            },
            {
              "title": "Tenant Create Service Ticket",
              "fullTitle": "Successful Service Ticket Workflow (without quotation) Tenant Create Service Ticket",
              "timedOut": false,
              "duration": 1922,
              "state": "passed",
              "speed": "slow",
              "pass": true,
              "fail": false,
              "pending": false,
              "context": null,
              "code": "// Click on \"Create Service Ticket\"\n        let create_service_ticket = await tenant_driver.wait(until.elementIsVisible(\n          tenant_driver.findElement(By.xpath('//*[@id=\"root\"]/div/div/div[1]/div[1]/div[4]/a'))\n        ))\n        await create_service_ticket.click();\n  \n  \n        await tenant_driver.manage().setTimeouts({implicit: 1000});\n  \n        // Request Type\n        let req_type = await tenant_driver.wait(until.elementIsVisible(\n          tenant_driver.findElement(By.xpath('//*[@name=\"requestType\"]'))\n        ));\n        await req_type.click();\n        let sel_dropdown= await tenant_driver.wait(until.elementIsVisible(\n          tenant_driver.findElement(By.xpath(`//select[@name=\"requestType\"]/option[2]`))\n        ));\n        await sel_dropdown.click();\n  \n        // Request Description\n        let description= await tenant_driver.wait(until.elementIsVisible(\n          tenant_driver.findElement(By.xpath('//*[@id=\"tenantComment\"]'))\n        ));\n        await description.sendKeys(\"Aircon is freezing\");\n  \n        await tenant_driver.executeScript(\"window.scrollBy(0,250)\", \"\");\n  \n        // Submit Button\n        let submit= await tenant_driver.wait(until.elementIsVisible(\n          tenant_driver.findElement(By.xpath('//*[@name=\"submitButton\"]'))\n        ));\n        await submit.click();\n          \n        await tenant_driver.sleep(1000)\n        await tenant_driver.manage().setTimeouts({implicit: 2000});\n  \n        // Check if it enters dashboard again\n        const currentURL = await tenant_driver.getCurrentUrl();\n        assert.equal('http://localhost:3000/pages/Dashboard', currentURL)",
              "err": {},
              "uuid": "fac6df02-0ba5-419c-988e-5bd16f1b3241",
              "parentUUID": "43957796-9b85-4f25-9f18-83a4ddb8e809",
              "isHook": false,
              "skipped": false
            },
            {
              "title": "Select Landlord Option",
              "fullTitle": "Successful Service Ticket Workflow (without quotation) Select Landlord Option",
              "timedOut": false,
              "duration": 1531,
              "state": "passed",
              "speed": "slow",
              "pass": true,
              "fail": false,
              "pending": false,
              "context": null,
              "code": "await landlord_driver.get('http://localhost:3000/');\n      \nlet title = await landlord_driver.getTitle();\nassert.equal(\"React App\", title);\n      \n// In first page\nlet landlordButton = await landlord_driver.wait(until.elementIsVisible(\n    landlord_driver.findElement(By.xpath(\"//*[@id='root']/div/div/div/div/div/button[2]\"))));\nawait landlordButton.click();\n      \n // In Landlord Login Page\n let loginText = await landlord_driver.wait(until.elementIsVisible(\n     landlord_driver.findElement(By.xpath('//*[@id=\"root\"]/div/div/div/div/form/div/h2'))));\n let result = await loginText.getText();\n assert.equal(\"Welcome landlord!\", result);",
              "err": {},
              "uuid": "167ebd5c-2104-40ac-81ea-9e4d199cd480",
              "parentUUID": "43957796-9b85-4f25-9f18-83a4ddb8e809",
              "isHook": false,
              "skipped": false
            },
            {
              "title": "Landlord login",
              "fullTitle": "Successful Service Ticket Workflow (without quotation) Landlord login",
              "timedOut": false,
              "duration": 667,
              "state": "passed",
              "speed": "slow",
              "pass": true,
              "fail": false,
              "pending": false,
              "context": null,
              "code": "// Sign in details: email, password, button\nlet email_in = await landlord_driver.wait(until.elementIsVisible(\n  landlord_driver.findElement(By.xpath('//*[@id=\"email\"]'))));\nawait email_in.sendKeys('landlord1@gmail.com');\n    \nlet pw_in = await landlord_driver.wait(until.elementIsVisible(\nlandlord_driver.findElement(By.xpath('//*[@type=\"password\"]'))));\nawait pw_in.sendKeys('password');\n      \nlet submit_button = await landlord_driver.wait(until.elementIsVisible(\n  landlord_driver.findElement(By.xpath('//*[@type=\"submit\"]'))));\nawait submit_button.click();\n      \nawait landlord_driver.manage().setTimeouts({implicit: 1000});\n      \n// In Landlord Dashboard\nlet next_pg = await landlord_driver.wait(until.elementIsVisible(\n  landlord_driver.findElement(By.xpath('//*[@id=\"emailText\"]'))));\nlet result = await next_pg.getText();\nassert.equal(\"Welcome, landlord1@gmail.com\", result);",
              "err": {},
              "uuid": "b2c5f256-5edc-41d8-b2d6-f9d60ade4766",
              "parentUUID": "43957796-9b85-4f25-9f18-83a4ddb8e809",
              "isHook": false,
              "skipped": false
            },
            {
              "title": "Landlord View Service Tickets",
              "fullTitle": "Successful Service Ticket Workflow (without quotation) Landlord View Service Tickets",
              "timedOut": false,
              "duration": 350,
              "state": "passed",
              "speed": "slow",
              "pass": true,
              "fail": false,
              "pending": false,
              "context": null,
              "code": "// Click on \"Service Ticket List\"\nlet ticket_list = await landlord_driver.wait(until.elementIsVisible(\n    landlord_driver.findElement(By.xpath('//*[@id=\"root\"]/div/div/div[1]/div[1]/div[3]/a'))\n))\nawait ticket_list.click();\n  \n      // Check if ticket portal is shown\nconst currentURL = await landlord_driver.getCurrentUrl();\nassert.equal('http://localhost:3000/pages/TicketList', currentURL)",
              "err": {},
              "uuid": "038290f4-1ba9-425d-9f3c-aee5394db6d6",
              "parentUUID": "43957796-9b85-4f25-9f18-83a4ddb8e809",
              "isHook": false,
              "skipped": false
            },
            {
              "title": "Landlord Select Service Ticket (Dropdown)",
              "fullTitle": "Successful Service Ticket Workflow (without quotation) Landlord Select Service Ticket (Dropdown)",
              "timedOut": false,
              "duration": 174,
              "state": "passed",
              "speed": "slow",
              "pass": true,
              "fail": false,
              "pending": false,
              "context": null,
              "code": "// Find ticket\nawait landlord_driver.manage().setTimeouts({implicit: 3000});\nconst lastTicket = landlord_driver.findElement(By.xpath(\"//*[@class='chakra-accordion css-0']/div[last()]/div/button\"))\nawait landlord_driver.executeScript(\"arguments[0].click();\", lastTicket);",
              "err": {},
              "uuid": "582f46c4-42cf-46f1-bac6-7aa1efb71ddb",
              "parentUUID": "43957796-9b85-4f25-9f18-83a4ddb8e809",
              "isHook": false,
              "skipped": false
            },
            {
              "title": "Landlord Self Assign Service Ticket",
              "fullTitle": "Successful Service Ticket Workflow (without quotation) Landlord Self Assign Service Ticket",
              "timedOut": false,
              "duration": 6196,
              "state": "passed",
              "speed": "slow",
              "pass": true,
              "fail": false,
              "pending": false,
              "context": null,
              "code": "await landlord_driver.manage().setTimeouts({implicit: 1000});\n//await landlord_driver.sleep(2000)\n// Click self assign button\nconst self_assign_button = landlord_driver.findElement(By.xpath('//*[@class=\"chakra-accordion css-0\"]/div[last()]/div/div/div/div/button'))\nawait landlord_driver.executeScript(\"arguments[0].click();\", self_assign_button);\nawait landlord_driver.manage().setTimeouts({implicit: 2000});\n\n// Click landlord\nconst landlord_button = landlord_driver.findElement(By.xpath('//*[@class=\"chakra-accordion css-0\"]/div[last()]//button[text()=\"landlord1@gmail.com\"]'))\nawait landlord_driver.executeScript(\"arguments[0].click();\", landlord_button);\nawait landlord_driver.sleep(2000)\n// Click confirm assignment\nconst cfm_assignment = landlord_driver.findElement(By.xpath('//*[@class=\"chakra-accordion css-0\"]/div[last()]//button[text()=\"Confirm Assignment\"]'))\nawait landlord_driver.executeScript(\"arguments[0].click();\", cfm_assignment);\nawait landlord_driver.manage().setTimeouts({implicit: 1000});\nawait landlord_driver.sleep(2000)\n// Click view details and action\nconst view_details = landlord_driver.findElement(By.xpath('//*[@class=\"chakra-accordion css-0\"]/div[last()]//button[text()=\"View Details & Actions\"]'))\nawait landlord_driver.executeScript(\"arguments[0].click();\", view_details);\nawait landlord_driver.sleep(2000)\n// Enter new page\nlet currentURL = await landlord_driver.getCurrentUrl();\nassert.equal('http://localhost:3000/pages/ViewTicketPage/', currentURL)",
              "err": {},
              "uuid": "270754df-e914-43f5-9f66-8af0cfcfc798",
              "parentUUID": "43957796-9b85-4f25-9f18-83a4ddb8e809",
              "isHook": false,
              "skipped": false
            },
            {
              "title": "Landlord Approve Service Ticket",
              "fullTitle": "Successful Service Ticket Workflow (without quotation) Landlord Approve Service Ticket",
              "timedOut": false,
              "duration": 154,
              "state": "passed",
              "speed": "slow",
              "pass": true,
              "fail": false,
              "pending": false,
              "context": null,
              "code": "await tenant_driver.manage().setTimeouts({implicit: 300});\n  \nlet approveButton = await landlord_driver.wait(until.elementIsVisible(\n  landlord_driver.findElement(By.xpath(\"//button[text()='Approve Ticket']\"))\n));\nawait landlord_driver.executeScript(\"arguments[0].click();\", approveButton);\n  \nawait landlord_driver.sleep(100)\n  \ncurrentURL = await landlord_driver.getCurrentUrl();\nassert.equal('http://localhost:3000/pages/TicketList', currentURL)",
              "err": {},
              "uuid": "9d118930-86c6-459d-a8a5-69363f7c7a7d",
              "parentUUID": "43957796-9b85-4f25-9f18-83a4ddb8e809",
              "isHook": false,
              "skipped": false
            },
            {
              "title": "Landlord Starts Work",
              "fullTitle": "Successful Service Ticket Workflow (without quotation) Landlord Starts Work",
              "timedOut": false,
              "duration": 700,
              "state": "passed",
              "speed": "slow",
              "pass": true,
              "fail": false,
              "pending": false,
              "context": null,
              "code": "await landlord_driver.get('http://localhost:3000/pages/TicketList/');\n    \nawait tenant_driver.manage().setTimeouts({implicit: 300});\n    \nconst lastTicket = landlord_driver.findElement(By.xpath(\"//*[@class='chakra-accordion css-0']/div[last()]\"))\nawait landlord_driver.executeScript(\"arguments[0].click();\", lastTicket);\nconst detailsButton = landlord_driver.findElement(By.xpath(\"//*[@class='chakra-accordion css-0']/div[last()]//button[text()='View Details & Actions']\"))\nawait landlord_driver.executeScript(\"arguments[0].click();\", detailsButton);\n    \nconst startWorkButton = landlord_driver.findElement(By.xpath(\"//button[text()='Start Work']\"))\nawait landlord_driver.executeScript(\"arguments[0].click();\", startWorkButton);\n    \nawait landlord_driver.sleep(200)\nlet currentURL = await landlord_driver.getCurrentUrl();\nassert.equal('http://localhost:3000/pages/TicketList', currentURL)",
              "err": {},
              "uuid": "0f6361e7-9340-4615-b740-e731cf4045cb",
              "parentUUID": "43957796-9b85-4f25-9f18-83a4ddb8e809",
              "isHook": false,
              "skipped": false
            },
            {
              "title": "Landlord Ends Work",
              "fullTitle": "Successful Service Ticket Workflow (without quotation) Landlord Ends Work",
              "timedOut": false,
              "duration": 764,
              "state": "passed",
              "speed": "slow",
              "pass": true,
              "fail": false,
              "pending": false,
              "context": null,
              "code": "await landlord_driver.get('http://localhost:3000/pages/TicketList/');\n    \nawait tenant_driver.manage().setTimeouts({implicit: 300});\n    \nconst lastTicket = landlord_driver.findElement(By.xpath(\"//*[@class='chakra-accordion css-0']/div[last()]\"))\nawait landlord_driver.executeScript(\"arguments[0].click();\", lastTicket);\nconst detailsButton = landlord_driver.findElement(By.xpath(\"//*[@class='chakra-accordion css-0']/div[last()]//button[text()='View Details & Actions']\"))\nawait landlord_driver.executeScript(\"arguments[0].click();\", detailsButton);\n    \nconst startWorkButton = landlord_driver.findElement(By.xpath(\"//button[text()='End Work']\"))\nawait landlord_driver.executeScript(\"arguments[0].click();\", startWorkButton);\n    \nawait landlord_driver.sleep(200)\nlet currentURL = await landlord_driver.getCurrentUrl();\nassert.equal('http://localhost:3000/pages/TicketList', currentURL)",
              "err": {},
              "uuid": "b7716080-bdb3-44f1-8875-44b6976d4808",
              "parentUUID": "43957796-9b85-4f25-9f18-83a4ddb8e809",
              "isHook": false,
              "skipped": false
            },
            {
              "title": "Tenant Give Feedback",
              "fullTitle": "Successful Service Ticket Workflow (without quotation) Tenant Give Feedback",
              "timedOut": false,
              "duration": 1126,
              "state": "passed",
              "speed": "slow",
              "pass": true,
              "fail": false,
              "pending": false,
              "context": null,
              "code": "await tenant_driver.get('http://localhost:3000/pages/TicketList/');\n    \nawait tenant_driver.manage().setTimeouts({implicit: 300});\n\nconst lastTicket = tenant_driver.findElement(By.xpath(\"//*[@class='chakra-accordion css-0']/div[last()]\"))\nawait tenant_driver.executeScript(\"arguments[0].click();\", lastTicket);\nconst detailsButton = tenant_driver.findElement(By.xpath(\"//*[@class='chakra-accordion css-0']/div[last()]//button[text()='View Details & Actions']\"))\nawait tenant_driver.executeScript(\"arguments[0].click();\", detailsButton);\n    \nconst feedbackButton = tenant_driver.findElement(By.xpath(\"//button[text()='Close Ticket & Give Feedback']\"))\nawait tenant_driver.executeScript(\"arguments[0].click();\", feedbackButton);\n    \nawait tenant_driver.sleep(200)\nlet currentURL = await tenant_driver.getCurrentUrl();\nassert.equal('http://localhost:3000/pages/FeedbackForm/', currentURL)\n    \nconst feedbackText = tenant_driver.findElement(By.name('comment'))\nawait feedbackText.sendKeys('Dummy Feedback Comment');\n    \nconst feedbackRating = tenant_driver.findElement(By.xpath(\"//*[@class='chakra-icon css-11w35xc']\"))\nawait feedbackRating.click();\n    \nconst submitButton = tenant_driver.findElement(By.xpath(\"//button[text()='Submit']\"))\nawait submitButton.click()\n    \nawait tenant_driver.sleep(200);\n    \ncurrentURL = await tenant_driver.getCurrentUrl();\nassert.equal('http://localhost:3000/pages/dashboard', currentURL)",
              "err": {},
              "uuid": "3bab8e02-5a2d-4301-a5a3-559e44770133",
              "parentUUID": "43957796-9b85-4f25-9f18-83a4ddb8e809",
              "isHook": false,
              "skipped": false
            },
            {
              "title": "Landlord View Feedback",
              "fullTitle": "Successful Service Ticket Workflow (without quotation) Landlord View Feedback",
              "timedOut": false,
              "duration": 92,
              "state": "passed",
              "speed": "slow",
              "pass": true,
              "fail": false,
              "pending": false,
              "context": null,
              "code": "const lastTicket = landlord_driver.findElement(By.xpath(\"//*[@class='chakra-accordion css-0']/div[last()]\"))\nawait landlord_driver.executeScript(\"arguments[0].click();\", lastTicket);\nconst detailsButton = landlord_driver.findElement(By.xpath(\"//*[@class='chakra-accordion css-0']/div[last()]//button[text()='View Details & Actions']\"))\nawait landlord_driver.executeScript(\"arguments[0].click();\", detailsButton);\n    \nlet result = await landlord_driver.wait(until.elementIsVisible(\n  landlord_driver.findElement(By.xpath('//*[@id=\"root\"]/div/div/div[3]/div/div/div[1]/textarea'))\n  ));\nlet feedback = await result.getText();\nassert.equal(\"Dummy Feedback Comment\", feedback)",
              "err": {},
              "uuid": "bab5bc3a-871c-497c-8d2b-8d55748f91d4",
              "parentUUID": "43957796-9b85-4f25-9f18-83a4ddb8e809",
              "isHook": false,
              "skipped": false
            },
            {
              "title": "Landlord Sign Out",
              "fullTitle": "Successful Service Ticket Workflow (without quotation) Landlord Sign Out",
              "timedOut": false,
              "duration": 66,
              "state": "passed",
              "speed": "medium",
              "pass": true,
              "fail": false,
              "pending": false,
              "context": null,
              "code": "// Click on \"Service Ticket List\"\n    let signout = await landlord_driver.wait(until.elementIsVisible(\n      landlord_driver.findElement(By.xpath('//*[@id=\"root\"]/div/div/div[1]/div[3]/button'))\n    ))\n    await signout.click();\n    await landlord_driver.manage().setTimeouts({implicit: 500});\n\n    // Check if ticket portal is shown\n    const currentURL = await landlord_driver.getCurrentUrl();\n    assert.equal('http://localhost:3000/', currentURL)",
              "err": {},
              "uuid": "47b1cbe3-ca40-48af-b4ee-f8137190ec09",
              "parentUUID": "43957796-9b85-4f25-9f18-83a4ddb8e809",
              "isHook": false,
              "skipped": false
            },
            {
              "title": "Tenant Sign Out",
              "fullTitle": "Successful Service Ticket Workflow (without quotation) Tenant Sign Out",
              "timedOut": false,
              "duration": 72,
              "state": "passed",
              "speed": "medium",
              "pass": true,
              "fail": false,
              "pending": false,
              "context": null,
              "code": "// Click on \"Service Ticket List\"\nlet signout = await tenant_driver.wait(until.elementIsVisible(\n  tenant_driver.findElement(By.xpath('//*[@id=\"root\"]/div/div/div[1]/div[3]/button'))\n))\nawait signout.click();\nawait tenant_driver.manage().setTimeouts({implicit: 500});\n    \n// Check if ticket portal is shown\nconst currentURL = await tenant_driver.getCurrentUrl();\nassert.equal('http://localhost:3000/', currentURL)",
              "err": {},
              "uuid": "260a543b-05b9-4aab-8161-350606e4b75a",
              "parentUUID": "43957796-9b85-4f25-9f18-83a4ddb8e809",
              "isHook": false,
              "skipped": false
            }
          ],
          "suites": [],
          "passes": [
            "8472154f-850b-401a-bf40-5463f20ae89d",
            "c29e099f-f427-44f8-88d9-315392156f80",
            "fac6df02-0ba5-419c-988e-5bd16f1b3241",
            "167ebd5c-2104-40ac-81ea-9e4d199cd480",
            "b2c5f256-5edc-41d8-b2d6-f9d60ade4766",
            "038290f4-1ba9-425d-9f3c-aee5394db6d6",
            "582f46c4-42cf-46f1-bac6-7aa1efb71ddb",
            "270754df-e914-43f5-9f66-8af0cfcfc798",
            "9d118930-86c6-459d-a8a5-69363f7c7a7d",
            "0f6361e7-9340-4615-b740-e731cf4045cb",
            "b7716080-bdb3-44f1-8875-44b6976d4808",
            "3bab8e02-5a2d-4301-a5a3-559e44770133",
            "bab5bc3a-871c-497c-8d2b-8d55748f91d4",
            "47b1cbe3-ca40-48af-b4ee-f8137190ec09",
            "260a543b-05b9-4aab-8161-350606e4b75a"
          ],
          "failures": [],
          "pending": [],
          "skipped": [],
          "duration": 15959,
          "root": false,
          "rootEmpty": false,
          "_timeout": 10000
        },
        {
          "uuid": "02eacae4-8130-4340-b6f5-d89a11892b4b",
          "title": "Landlord Lease",
          "fullFile": "C:\\Users\\65961\\Documents\\Term 5\\Software_Construction\\esc-cohort3-team1\\tenant-landlord-app\\endtoend_test\\test\\LAN_alt_lease.spec.js",
          "file": "\\test\\LAN_alt_lease.spec.js",
          "beforeHooks": [
            {
              "title": "\"before all\" hook in \"Landlord Lease\"",
              "fullTitle": "Landlord Lease \"before all\" hook in \"Landlord Lease\"",
              "timedOut": false,
              "duration": 3101,
              "state": null,
              "speed": null,
              "pass": false,
              "fail": false,
              "pending": false,
              "context": null,
              "code": "driver = await new Builder().forBrowser('chrome').build();",
              "err": {},
              "uuid": "718992ab-c188-48fd-8540-97d7e6302e66",
              "parentUUID": "02eacae4-8130-4340-b6f5-d89a11892b4b",
              "isHook": true,
              "skipped": false
            }
          ],
          "afterHooks": [
            {
              "title": "\"after all\" hook in \"Landlord Lease\"",
              "fullTitle": "Landlord Lease \"after all\" hook in \"Landlord Lease\"",
              "timedOut": false,
              "duration": 28,
              "state": null,
              "speed": null,
              "pass": false,
              "fail": false,
              "pending": false,
              "context": null,
              "code": "await driver.quit()",
              "err": {},
              "uuid": "a0a37b79-d391-4ef6-ab2a-ecc2ba2bbbff",
              "parentUUID": "02eacae4-8130-4340-b6f5-d89a11892b4b",
              "isHook": true,
              "skipped": false
            }
          ],
          "tests": [
            {
              "title": "Select Landlord Option",
              "fullTitle": "Landlord Lease Select Landlord Option",
              "timedOut": false,
              "duration": 1286,
              "state": "passed",
              "speed": "slow",
              "pass": true,
              "fail": false,
              "pending": false,
              "context": null,
              "code": "await driver.get('http://localhost:3000/');\n  \nlet title = await driver.getTitle();\nassert.equal(\"React App\", title);\n  \n// In first page\nlet landlordButton = await driver.wait(until.elementIsVisible(\n    driver.findElement(By.xpath(\"//*[@id='root']/div/div/div/div/div/button[2]\"))));\nawait landlordButton.click();\n  \n// In Landlord Login Page\nlet loginText = await driver.wait(until.elementIsVisible(\n    driver.findElement(By.xpath('//*[@id=\"root\"]/div/div/div/div/form/div/h2'))));\nlet result = await loginText.getText();\nassert.equal(\"Welcome landlord!\", result);",
              "err": {},
              "uuid": "b79f0d74-45ba-4cc2-beba-b98d68460381",
              "parentUUID": "02eacae4-8130-4340-b6f5-d89a11892b4b",
              "isHook": false,
              "skipped": false
            },
            {
              "title": "Landlord login",
              "fullTitle": "Landlord Lease Landlord login",
              "timedOut": false,
              "duration": 615,
              "state": "passed",
              "speed": "slow",
              "pass": true,
              "fail": false,
              "pending": false,
              "context": null,
              "code": "// Sign in details: email, password, button\n      let email_in = await driver.wait(until.elementIsVisible(\n        driver.findElement(By.xpath('//*[@id=\"email\"]'))));\n      await email_in.sendKeys('landlord1@gmail.com');\n\n      let pw_in = await driver.wait(until.elementIsVisible(\n        driver.findElement(By.xpath('//*[@type=\"password\"]'))));\n      await pw_in.sendKeys('password');\n\n      let submit_button = await driver.wait(until.elementIsVisible(\n        driver.findElement(By.xpath('//*[@type=\"submit\"]'))));\n      await submit_button.click();\n\n       await driver.manage().setTimeouts({implicit: 1000});\n\n      // In Landlord Dashboard\n      let next_pg = await driver.wait(until.elementIsVisible(\n        driver.findElement(By.xpath('//*[@id=\"emailText\"]'))));\n      let result = await next_pg.getText();\n      assert.equal(\"Welcome, landlord1@gmail.com\", result);",
              "err": {},
              "uuid": "9220c697-3737-475c-9cea-0772ee502150",
              "parentUUID": "02eacae4-8130-4340-b6f5-d89a11892b4b",
              "isHook": false,
              "skipped": false
            },
            {
              "title": "Landlord views Account Management",
              "fullTitle": "Landlord Lease Landlord views Account Management",
              "timedOut": false,
              "duration": 451,
              "state": "passed",
              "speed": "slow",
              "pass": true,
              "fail": false,
              "pending": false,
              "context": null,
              "code": "// Click \"Account MAnagement\"\nlet account_management = await driver.wait(until.elementIsVisible(\n  driver.findElement(By.xpath('//*[@id=\"root\"]/div/div/div[1]/div[1]/div[4]/a'))\n));\nawait account_management.click();\nconst currentURL = await driver.getCurrentUrl();\nassert.equal(\"http://localhost:3000/pages/AccountManagement\", currentURL);",
              "err": {},
              "uuid": "b983c1c8-dfda-4c68-b5ad-0f528a4b8d01",
              "parentUUID": "02eacae4-8130-4340-b6f5-d89a11892b4b",
              "isHook": false,
              "skipped": false
            },
            {
              "title": "Enter create new tenant page",
              "fullTitle": "Landlord Lease Enter create new tenant page",
              "timedOut": false,
              "duration": 95,
              "state": "passed",
              "speed": "slow",
              "pass": true,
              "fail": false,
              "pending": false,
              "context": null,
              "code": "// Click \"create tenant\" button\nlet create_tenant_button = await driver.wait(until.elementIsVisible(\n  driver.findElement(By.xpath('//*[@id=\"root\"]/div/div/div[2]/div[1]/button'))\n));\nawait create_tenant_button.click();\nconst currentURL = await driver.getCurrentUrl();\nassert.equal(\"http://localhost:3000/pages/TenantCreationPage\", currentURL);",
              "err": {},
              "uuid": "1edbb049-5484-485a-9f51-94ca1a2f6035",
              "parentUUID": "02eacae4-8130-4340-b6f5-d89a11892b4b",
              "isHook": false,
              "skipped": false
            },
            {
              "title": "Create new tenant -- with same email as existing tenant",
              "fullTitle": "Landlord Lease Create new tenant -- with same email as existing tenant",
              "timedOut": false,
              "duration": 448,
              "state": "passed",
              "speed": "slow",
              "pass": true,
              "fail": false,
              "pending": false,
              "context": null,
              "code": "// input email and password\nlet email = await driver.wait(until.elementIsVisible(\n  driver.findElement(By.xpath('//*[@id=\"email\"]'))\n));\nawait email.sendKeys(\"tenant1@gmail.com\");\nlet password = await driver.wait(until.elementIsVisible(\ndriver.findElement(By.xpath('//*[@id=\"password\"]'))\n));\nawait password.sendKeys(\"password\");\nlet create_button = await driver.wait(until.elementIsVisible(\n  driver.findElement(By.xpath('//*[@id=\"loginButton\"]'))\n));\nawait create_button.click();\nconst currentURL = await driver.getCurrentUrl();\nassert.equal(\"http://localhost:3000/pages/TenantCreationPage\", currentURL);",
              "err": {},
              "uuid": "a4992ba6-2d95-47c1-9c61-edbc1a1b3d99",
              "parentUUID": "02eacae4-8130-4340-b6f5-d89a11892b4b",
              "isHook": false,
              "skipped": false
            }
          ],
          "suites": [],
          "passes": [
            "b79f0d74-45ba-4cc2-beba-b98d68460381",
            "9220c697-3737-475c-9cea-0772ee502150",
            "b983c1c8-dfda-4c68-b5ad-0f528a4b8d01",
            "1edbb049-5484-485a-9f51-94ca1a2f6035",
            "a4992ba6-2d95-47c1-9c61-edbc1a1b3d99"
          ],
          "failures": [],
          "pending": [],
          "skipped": [],
          "duration": 2895,
          "root": false,
          "rootEmpty": false,
          "_timeout": 10000
        },
        {
          "uuid": "3fdadb6f-981d-429a-948b-b706dbdcf6b4",
          "title": "Unusual Login --Landlord",
          "fullFile": "C:\\Users\\65961\\Documents\\Term 5\\Software_Construction\\esc-cohort3-team1\\tenant-landlord-app\\endtoend_test\\test\\LAN_alt_login.spec.js",
          "file": "\\test\\LAN_alt_login.spec.js",
          "beforeHooks": [
            {
              "title": "\"before all\" hook in \"Unusual Login --Landlord\"",
              "fullTitle": "Unusual Login --Landlord \"before all\" hook in \"Unusual Login --Landlord\"",
              "timedOut": false,
              "duration": 2877,
              "state": null,
              "speed": null,
              "pass": false,
              "fail": false,
              "pending": false,
              "context": null,
              "code": "landlord_driver = await new Builder().forBrowser('chrome').build();",
              "err": {},
              "uuid": "9d7ef130-0941-4787-9083-f456741b3f4c",
              "parentUUID": "3fdadb6f-981d-429a-948b-b706dbdcf6b4",
              "isHook": true,
              "skipped": false
            }
          ],
          "afterHooks": [
            {
              "title": "\"after all\" hook in \"Unusual Login --Landlord\"",
              "fullTitle": "Unusual Login --Landlord \"after all\" hook in \"Unusual Login --Landlord\"",
              "timedOut": false,
              "duration": 28,
              "state": null,
              "speed": null,
              "pass": false,
              "fail": false,
              "pending": false,
              "context": null,
              "code": "await landlord_driver.quit()",
              "err": {},
              "uuid": "145d012a-cf76-4459-b33b-1ca9c3737158",
              "parentUUID": "3fdadb6f-981d-429a-948b-b706dbdcf6b4",
              "isHook": true,
              "skipped": false
            }
          ],
          "tests": [
            {
              "title": "Select Landlord Option",
              "fullTitle": "Unusual Login --Landlord Select Landlord Option",
              "timedOut": false,
              "duration": 1219,
              "state": "passed",
              "speed": "slow",
              "pass": true,
              "fail": false,
              "pending": false,
              "context": null,
              "code": "await landlord_driver.get('http://localhost:3000/');\nlet title = await landlord_driver.getTitle();\nassert.equal(\"React App\", title);\nawait landlord_driver.manage().setTimeouts({ implicit: 300 });\n// In first page\nawait landlord_driver.findElement(By.xpath(\"//*[@id='root']/div/div/div/div/div/button[2]\")).click();\nawait landlord_driver.manage().setTimeouts({ implicit: 500 });\n// In Landlord Login Page\nlet result = await landlord_driver.findElement(By.xpath(\"//*[@id='root']/div/div/div/div/form/div/h2\")).getText();\nassert.equal(\"Welcome landlord!\", result);",
              "err": {},
              "uuid": "a55ae25d-d29e-4013-a7c3-acc025bc004c",
              "parentUUID": "3fdadb6f-981d-429a-948b-b706dbdcf6b4",
              "isHook": false,
              "skipped": false
            },
            {
              "title": "Wrong login input --> Invalid email",
              "fullTitle": "Unusual Login --Landlord Wrong login input --> Invalid email",
              "timedOut": false,
              "duration": 611,
              "state": "passed",
              "speed": "slow",
              "pass": true,
              "fail": false,
              "pending": false,
              "context": null,
              "code": "await landlord_driver.get('http://localhost:3000/pages/LoginPage');\nlet title = await landlord_driver.getTitle();\nassert.equal(\"React App\", title);\nawait landlord_driver.manage().setTimeouts({ implicit: 300 });\nawait landlord_driver.findElement(By.xpath('//*[@id=\"email\"]')).sendKeys('fake value');\nawait landlord_driver.findElement(By.xpath('//*[@id=\"password\"]')).sendKeys('fake value');\nawait landlord_driver.findElement(By.xpath('//*[@id=\"root\"]/div/div/div/div/form/div/div[3]')).click();\nawait landlord_driver.manage().setTimeouts({ implicit: 100 });\n// invalid input warning\nlet result = await landlord_driver.findElement(By.xpath('//*[@id=\"root\"]/div/div/div/div/form/div/div[1]/div')).getText();\nassert.equal(\"Invalid email\", result);",
              "err": {},
              "uuid": "efff8756-9463-4a42-af02-4b54ee9f78e6",
              "parentUUID": "3fdadb6f-981d-429a-948b-b706dbdcf6b4",
              "isHook": false,
              "skipped": false
            },
            {
              "title": "Empty login input --> Password Required",
              "fullTitle": "Unusual Login --Landlord Empty login input --> Password Required",
              "timedOut": false,
              "duration": 400,
              "state": "passed",
              "speed": "slow",
              "pass": true,
              "fail": false,
              "pending": false,
              "context": null,
              "code": "await landlord_driver.get('http://localhost:3000/pages/LoginPage');\nlet title = await landlord_driver.getTitle();\nassert.equal(\"React App\", title);\nawait landlord_driver.manage().setTimeouts({ implicit: 300 });\nawait landlord_driver.findElement(By.xpath('//*[@id=\"email\"]')).sendKeys('fake value');\nawait landlord_driver.manage().setTimeouts({ implicit: 500 });\n// Required warning\nlet result = await landlord_driver.findElement(By.xpath('//*[@id=\"root\"]/div/div/div/div/form/div/div[2]/div[2]')).getText();\nassert.equal(\"Required\", result);",
              "err": {},
              "uuid": "83254439-913f-472a-aa45-8a2bcad6031d",
              "parentUUID": "3fdadb6f-981d-429a-948b-b706dbdcf6b4",
              "isHook": false,
              "skipped": false
            },
            {
              "title": "Forget password",
              "fullTitle": "Unusual Login --Landlord Forget password",
              "timedOut": false,
              "duration": 258,
              "state": "passed",
              "speed": "slow",
              "pass": true,
              "fail": false,
              "pending": false,
              "context": null,
              "code": "await landlord_driver.get('http://localhost:3000/pages/LoginPage');\nlet title = await landlord_driver.getTitle();\nassert.equal(\"React App\", title);\nawait landlord_driver.manage().setTimeouts({ implicit: 300 });\n// click forget password\nawait landlord_driver.findElement(By.xpath('//*[@id=\"root\"]/div/div/div/div/form/div/div[4]/a')).click();\nawait landlord_driver.manage().setTimeouts({ implicit: 100 });\ncurrentURL = await landlord_driver.getCurrentUrl();\nassert.equal('http://localhost:3000/pages/ForgotPasswordPage', currentURL)",
              "err": {},
              "uuid": "2e3ac971-f245-481d-a95d-8bec119e53ad",
              "parentUUID": "3fdadb6f-981d-429a-948b-b706dbdcf6b4",
              "isHook": false,
              "skipped": false
            }
          ],
          "suites": [],
          "passes": [
            "a55ae25d-d29e-4013-a7c3-acc025bc004c",
            "efff8756-9463-4a42-af02-4b54ee9f78e6",
            "83254439-913f-472a-aa45-8a2bcad6031d",
            "2e3ac971-f245-481d-a95d-8bec119e53ad"
          ],
          "failures": [],
          "pending": [],
          "skipped": [],
          "duration": 2488,
          "root": false,
          "rootEmpty": false,
          "_timeout": 10000
        },
        {
          "uuid": "144a33be-8415-4960-a5e0-a92a4367bf98",
          "title": "Landlord filter ticket",
          "fullFile": "C:\\Users\\65961\\Documents\\Term 5\\Software_Construction\\esc-cohort3-team1\\tenant-landlord-app\\endtoend_test\\test\\LAN_filter_tickets.spec.js",
          "file": "\\test\\LAN_filter_tickets.spec.js",
          "beforeHooks": [
            {
              "title": "\"before all\" hook in \"Landlord filter ticket\"",
              "fullTitle": "Landlord filter ticket \"before all\" hook in \"Landlord filter ticket\"",
              "timedOut": false,
              "duration": 5918,
              "state": null,
              "speed": null,
              "pass": false,
              "fail": false,
              "pending": false,
              "context": null,
              "code": "driver = await new Builder().forBrowser('chrome').build();\ntenant_driver = await new Builder().forBrowser('chrome').build();",
              "err": {},
              "uuid": "5a94bcba-7f4a-4599-87fb-f46d243bf4bd",
              "parentUUID": "144a33be-8415-4960-a5e0-a92a4367bf98",
              "isHook": true,
              "skipped": false
            }
          ],
          "afterHooks": [
            {
              "title": "\"after all\" hook in \"Landlord filter ticket\"",
              "fullTitle": "Landlord filter ticket \"after all\" hook in \"Landlord filter ticket\"",
              "timedOut": false,
              "duration": 197,
              "state": null,
              "speed": null,
              "pass": false,
              "fail": false,
              "pending": false,
              "context": null,
              "code": "await tenant_driver.quit(); await driver.quit()",
              "err": {},
              "uuid": "2d74fea8-9b7a-4c19-8048-bcad0a98bfc4",
              "parentUUID": "144a33be-8415-4960-a5e0-a92a4367bf98",
              "isHook": true,
              "skipped": false
            }
          ],
          "tests": [
            {
              "title": "Set up for testing -- tenant1@gmail.com",
              "fullTitle": "Landlord filter ticket Set up for testing -- tenant1@gmail.com",
              "timedOut": false,
              "duration": 3745,
              "state": "passed",
              "speed": "slow",
              "pass": true,
              "fail": false,
              "pending": false,
              "context": null,
              "code": "await tenant_driver.get('http://localhost:3000/');\n  \nlet title = await tenant_driver.getTitle();\nassert.equal(\"React App\", title);\n  \n// In first page\nlet tenantButton = await tenant_driver.wait(until.elementIsVisible(\n    tenant_driver.findElement(By.xpath('//*[@id=\"root\"]/div/div/div/div/div/button[1]'))));\nawait tenantButton.click();\n  \n// In Tenant Login Page\n// Sign in details: email, password, button\nlet email_in = await tenant_driver.wait(until.elementIsVisible(\n    tenant_driver.findElement(By.xpath('//*[@id=\"email\"]'))));\nawait email_in.sendKeys('tenant1@gmail.com');\n    \nlet pw_in = await tenant_driver.wait(until.elementIsVisible(\n    tenant_driver.findElement(By.xpath('//*[@type=\"password\"]'))));\nawait pw_in.sendKeys('password');\n    \nlet submit_button = await tenant_driver.wait(until.elementIsVisible(\n    tenant_driver.findElement(By.xpath('//*[@type=\"submit\"]'))));\nawait submit_button.click();\n    \nawait tenant_driver.manage().setTimeouts({implicit: 1000});\n\n// Click on \"Create Service Ticket\"\nlet create_service_ticket = await tenant_driver.wait(until.elementIsVisible(\n    tenant_driver.findElement(By.xpath('//*[@id=\"root\"]/div/div/div[1]/div[1]/div[4]/a'))\n));\nawait create_service_ticket.click();\n    \n    \nawait tenant_driver.manage().setTimeouts({implicit: 1000});\n    \n// Request Type\nlet req_type = await tenant_driver.wait(until.elementIsVisible(\n  tenant_driver.findElement(By.xpath('//*[@name=\"requestType\"]'))\n));\nawait req_type.click();\nlet sel_dropdown= await tenant_driver.wait(until.elementIsVisible(\n  tenant_driver.findElement(By.xpath(`//select[@name=\"requestType\"]/option[2]`))\n));\nawait sel_dropdown.click();\n    \n// Request Description\nlet description= await tenant_driver.wait(until.elementIsVisible(\n  tenant_driver.findElement(By.xpath('//*[@id=\"tenantComment\"]'))\n));\nawait description.sendKeys(\"Aircon is leaking\");\nawait tenant_driver.executeScript(\"window.scrollBy(0,250)\", \"\");\n    \n// Submit Button\nlet submit= await tenant_driver.wait(until.elementIsVisible(\n  tenant_driver.findElement(By.xpath('//*[@name=\"submitButton\"]'))\n));\nawait submit.click();\n    \nawait tenant_driver.sleep(1000)\nawait tenant_driver.manage().setTimeouts({implicit: 2000});\n    \n// Check if it enters dashboard again\nconst currentURL = await tenant_driver.getCurrentUrl();\nassert.equal('http://localhost:3000/pages/Dashboard', currentURL);\n// Sign out\nlet signout = await tenant_driver.wait(until.elementIsVisible(\n    tenant_driver.findElement(By.xpath('//*[@id=\"root\"]/div/div/div[1]/div[3]/button'))\n))\nawait signout.click();\nawait tenant_driver.manage().setTimeouts({implicit: 500});",
              "err": {},
              "uuid": "b50e34c7-59bc-4ec7-ab4c-d1c9ad56afb0",
              "parentUUID": "144a33be-8415-4960-a5e0-a92a4367bf98",
              "isHook": false,
              "skipped": false
            },
            {
              "title": "Set up for testing -- tenant2@gmail.com",
              "fullTitle": "Landlord filter ticket Set up for testing -- tenant2@gmail.com",
              "timedOut": false,
              "duration": 2429,
              "state": "passed",
              "speed": "slow",
              "pass": true,
              "fail": false,
              "pending": false,
              "context": null,
[...]
              "err": {},
              "uuid": "dc7a432c-831d-4e47-8861-06321e5d8791",
              "parentUUID": "066a5623-fb4c-453a-946e-55c315262463",
              "isHook": false,
              "skipped": false
            },
            {
              "title": "Tenant View Quotation",
              "fullTitle": "Service Ticket Workflow -- Tenant Rejects Quotation Tenant View Quotation",
              "timedOut": false,
              "duration": 392,
              "state": "passed",
              "speed": "slow",
              "pass": true,
              "fail": false,
              "pending": false,
              "context": null,
              "code": "await tenant_driver.get('http://localhost:3000/pages/TicketList/');\nawait tenant_driver.manage().setTimeouts({implicit: 300});\nconst lastTicket = tenant_driver.findElement(By.xpath(\"//*[@class='chakra-accordion css-0']/div[last()]\"))\nawait tenant_driver.executeScript(\"arguments[0].click();\", lastTicket);\nconst detailsButton = tenant_driver.findElement(By.xpath(\"//*[@class='chakra-accordion css-0']/div[last()]//button[text()='View Details & Actions']\"))\nawait tenant_driver.executeScript(\"arguments[0].click();\", detailsButton);\nconst viewQuotationButton = tenant_driver.findElement(By.xpath(\"//button[text()='View/Add Quotation']\"))\nawait tenant_driver.executeScript(\"arguments[0].click();\", viewQuotationButton);\nlet currentURL = await tenant_driver.getCurrentUrl();\nassert.equal('http://localhost:3000/pages/QuotationPage/', currentURL)",
              "err": {},
              "uuid": "b130c6e9-1cb8-44c8-af08-c9834f3adf56",
              "parentUUID": "066a5623-fb4c-453a-946e-55c315262463",
              "isHook": false,
              "skipped": false
            },
            {
              "title": "Tenant Reject Quotation",
              "fullTitle": "Service Ticket Workflow -- Tenant Rejects Quotation Tenant Reject Quotation",
              "timedOut": false,
              "duration": 91,
              "state": "passed",
              "speed": "slow",
              "pass": true,
              "fail": false,
              "pending": false,
              "context": null,
              "code": "await tenant_driver.manage().setTimeouts({implicit: 300});     \nconst rejectButton = tenant_driver.findElement(By.xpath(\"//button[text()='Reject']\"))\nawait tenant_driver.executeScript(\"arguments[0].click();\", rejectButton); \nawait tenant_driver.manage().setTimeouts({implicit: 200});\ncurrentURL = await tenant_driver.getCurrentUrl();\nassert.equal('http://localhost:3000/pages/ViewTicketPage/', currentURL)",
              "err": {},
              "uuid": "805acd15-21c2-4f75-85ea-2b49c3f4a31d",
              "parentUUID": "066a5623-fb4c-453a-946e-55c315262463",
              "isHook": false,
              "skipped": false
            },
            {
              "title": "Landlord Upload Quotation",
              "fullTitle": "Service Ticket Workflow -- Tenant Rejects Quotation Landlord Upload Quotation",
              "timedOut": false,
              "duration": 1737,
              "state": "passed",
              "speed": "slow",
              "pass": true,
              "fail": false,
              "pending": false,
              "context": null,
              "code": "await landlord_driver.get('http://localhost:3000/pages/TicketList');\nawait landlord_driver.manage().setTimeouts({implicit: 1000});\nconst lastTicket = landlord_driver.findElement(By.xpath(\"//*[@class='chakra-accordion css-0']/div[last()]\"))\nawait landlord_driver.executeScript(\"arguments[0].click();\", lastTicket);\nconst detailsButton = landlord_driver.findElement(By.xpath(\"//*[@class='chakra-accordion css-0']/div[last()]//button[text()='View Details & Actions']\"))\nawait landlord_driver.executeScript(\"arguments[0].click();\", detailsButton);\nawait landlord_driver.manage().setTimeouts({implicit: 1000});\nconst addQuotationButton = landlord_driver.findElement(By.xpath(\"//button[text()='View/Add Quotation']\"))\nawait landlord_driver.executeScript(\"arguments[0].click();\", addQuotationButton);\nawait landlord_driver.manage().setTimeouts({implicit: 1000});\nlet currentURL = await landlord_driver.getCurrentUrl();\nassert.equal('http://localhost:3000/pages/QuotationUploadPage/', currentURL);\nconst chooseFileButton = landlord_driver.findElement(By.xpath(\"//input[@id='files']\"));\nawait chooseFileButton.sendKeys('C:/public/uploads/test.pdf');\nconst uploadButton = landlord_driver.findElement(By.xpath(\"//button[text()='Upload Quotation']\"));\nawait uploadButton.click();\nawait landlord_driver.manage().setTimeouts({implicit: 1000});\nawait landlord_driver.sleep(1000)\ncurrentURL = await landlord_driver.getCurrentUrl();\nassert.equal('http://localhost:3000/pages/ViewTicketPage/', currentURL);",
              "err": {},
              "uuid": "7614a45c-121a-45c7-bb2c-ffb8ab8730c8",
              "parentUUID": "066a5623-fb4c-453a-946e-55c315262463",
              "isHook": false,
              "skipped": false
            },
            {
              "title": "Tenant View Quotation",
              "fullTitle": "Service Ticket Workflow -- Tenant Rejects Quotation Tenant View Quotation",
              "timedOut": false,
              "duration": 412,
              "state": "passed",
              "speed": "slow",
              "pass": true,
              "fail": false,
              "pending": false,
              "context": null,
              "code": "await tenant_driver.get('http://localhost:3000/pages/TicketList/');\nawait tenant_driver.manage().setTimeouts({implicit: 600});\nconst lastTicket = tenant_driver.findElement(By.xpath(\"//*[@class='chakra-accordion css-0']/div[last()]\"))\nawait tenant_driver.executeScript(\"arguments[0].click();\", lastTicket);\nconst detailsButton = tenant_driver.findElement(By.xpath(\"//*[@class='chakra-accordion css-0']/div[last()]//button[text()='View Details & Actions']\"))\nawait tenant_driver.executeScript(\"arguments[0].click();\", detailsButton);\nconst viewQuotationButton = tenant_driver.findElement(By.xpath(\"//button[text()='View/Add Quotation']\"))\nawait tenant_driver.executeScript(\"arguments[0].click();\", viewQuotationButton);\nlet currentURL = await tenant_driver.getCurrentUrl();\nassert.equal('http://localhost:3000/pages/QuotationPage/', currentURL);",
              "err": {},
              "uuid": "171c263b-a4f9-487e-a7b1-cff7d1f57c38",
              "parentUUID": "066a5623-fb4c-453a-946e-55c315262463",
              "isHook": false,
              "skipped": false
            },
            {
              "title": "Tenant Approve Quotation",
              "fullTitle": "Service Ticket Workflow -- Tenant Rejects Quotation Tenant Approve Quotation",
              "timedOut": false,
              "duration": 313,
              "state": "passed",
              "speed": "slow",
              "pass": true,
              "fail": false,
              "pending": false,
              "context": null,
              "code": "await tenant_driver.manage().setTimeouts({implicit: 600});\nconst quotationCheckbox = tenant_driver.findElement(By.xpath(\"//*[@id='quotationCheckbox']\"))\nawait tenant_driver.executeScript(\"arguments[0].click();\", quotationCheckbox);\nconst approveButton = tenant_driver.findElement(By.xpath(\"//button[text()='Approve']\"))\nawait tenant_driver.executeScript(\"arguments[0].click();\", approveButton);\nawait tenant_driver.sleep(200)\ncurrentURL = await landlord_driver.getCurrentUrl();\nassert.equal('http://localhost:3000/pages/ViewTicketPage/', currentURL)",
              "err": {},
              "uuid": "f62e54ea-8141-4dfc-98cd-7b329c9b32a8",
              "parentUUID": "066a5623-fb4c-453a-946e-55c315262463",
              "isHook": false,
              "skipped": false
            },
            {
              "title": "Landlord Starts Work",
              "fullTitle": "Service Ticket Workflow -- Tenant Rejects Quotation Landlord Starts Work",
              "timedOut": false,
              "duration": 836,
              "state": "passed",
              "speed": "slow",
              "pass": true,
              "fail": false,
              "pending": false,
              "context": null,
              "code": "await landlord_driver.get('http://localhost:3000/pages/TicketList/');\nawait landlord_driver.manage().setTimeouts({implicit: 600});\nconst lastTicket = landlord_driver.findElement(By.xpath(\"//*[@class='chakra-accordion css-0']/div[last()]\"))\nawait landlord_driver.executeScript(\"arguments[0].click();\", lastTicket);\nconst detailsButton = landlord_driver.findElement(By.xpath(\"//*[@class='chakra-accordion css-0']/div[last()]//button[text()='View Details & Actions']\"))\nawait landlord_driver.executeScript(\"arguments[0].click();\", detailsButton);\nconst startWorkButton = landlord_driver.findElement(By.xpath(\"//button[text()='Start Work']\"))\nawait landlord_driver.executeScript(\"arguments[0].click();\", startWorkButton);\nawait landlord_driver.sleep(200)\nlet currentURL = await landlord_driver.getCurrentUrl();\nassert.equal('http://localhost:3000/pages/TicketList', currentURL)",
              "err": {},
              "uuid": "34bbdc92-a5d2-465a-8297-c5b7dbc57135",
              "parentUUID": "066a5623-fb4c-453a-946e-55c315262463",
              "isHook": false,
              "skipped": false
            },
            {
              "title": "Landlord Ends Work",
              "fullTitle": "Service Ticket Workflow -- Tenant Rejects Quotation Landlord Ends Work",
              "timedOut": false,
              "duration": 821,
              "state": "passed",
              "speed": "slow",
              "pass": true,
              "fail": false,
              "pending": false,
              "context": null,
              "code": "await landlord_driver.get('http://localhost:3000/pages/TicketList/');\nawait landlord_driver.manage().setTimeouts({implicit: 600});\nconst lastTicket = landlord_driver.findElement(By.xpath(\"//*[@class='chakra-accordion css-0']/div[last()]\"))\nawait landlord_driver.executeScript(\"arguments[0].click();\", lastTicket);\nconst detailsButton = landlord_driver.findElement(By.xpath(\"//*[@class='chakra-accordion css-0']/div[last()]//button[text()='View Details & Actions']\"))\nawait landlord_driver.executeScript(\"arguments[0].click();\", detailsButton);\nconst startWorkButton = landlord_driver.findElement(By.xpath(\"//button[text()='End Work']\"))\nawait landlord_driver.executeScript(\"arguments[0].click();\", startWorkButton);\nawait landlord_driver.sleep(200)\nlet currentURL = await landlord_driver.getCurrentUrl();\nassert.equal('http://localhost:3000/pages/TicketList', currentURL)",
              "err": {},
              "uuid": "8ce94673-1541-4029-a401-b4e115e8af4d",
              "parentUUID": "066a5623-fb4c-453a-946e-55c315262463",
              "isHook": false,
              "skipped": false
            },
            {
              "title": "Tenant Give Feedback",
              "fullTitle": "Service Ticket Workflow -- Tenant Rejects Quotation Tenant Give Feedback",
              "timedOut": false,
              "duration": 1774,
              "state": "passed",
              "speed": "slow",
              "pass": true,
              "fail": false,
              "pending": false,
              "context": null,
              "code": "await tenant_driver.get('http://localhost:3000/pages/TicketList/');\nawait tenant_driver.manage().setTimeouts({implicit: 600});\n\nconst lastTicket = tenant_driver.findElement(By.xpath(\"//*[@class='chakra-accordion css-0']/div[last()]\"))\nawait tenant_driver.executeScript(\"arguments[0].click();\", lastTicket);\nconst detailsButton = tenant_driver.findElement(By.xpath(\"//*[@class='chakra-accordion css-0']/div[last()]//button[text()='View Details & Actions']\"))\nawait tenant_driver.executeScript(\"arguments[0].click();\", detailsButton);\nconst feedbackButton = tenant_driver.findElement(By.xpath(\"//button[text()='Close Ticket & Give Feedback']\"))\nawait tenant_driver.executeScript(\"arguments[0].click();\", feedbackButton);\nawait tenant_driver.manage().setTimeouts({implicit: 3000});\nlet currentURL = await tenant_driver.getCurrentUrl();\nassert.equal('http://localhost:3000/pages/FeedbackForm/', currentURL)\nconst feedbackText = tenant_driver.findElement(By.name('comment'))\nawait feedbackText.sendKeys('Dummy Feedback Comment');\nconst feedbackRating = tenant_driver.findElement(By.xpath(\"//*[@class='chakra-icon css-11w35xc']\"))\nawait feedbackRating.click();\nconst submitButton = tenant_driver.findElement(By.xpath(\"//button[text()='Submit']\"))\nawait submitButton.click()\nawait tenant_driver.manage().setTimeouts({implicit: 2000});\nawait tenant_driver.sleep(1000)\ncurrentURL = await tenant_driver.getCurrentUrl();\nassert.equal('http://localhost:3000/pages/dashboard', currentURL)",
              "err": {},
              "uuid": "91557d05-f611-4047-abbf-11795a7624bf",
              "parentUUID": "066a5623-fb4c-453a-946e-55c315262463",
              "isHook": false,
              "skipped": false
            },
            {
              "title": "Landlord View Feedback",
              "fullTitle": "Service Ticket Workflow -- Tenant Rejects Quotation Landlord View Feedback",
              "timedOut": false,
              "duration": 76,
              "state": "passed",
              "speed": "slow",
              "pass": true,
              "fail": false,
              "pending": false,
              "context": null,
              "code": "const lastTicket = landlord_driver.findElement(By.xpath(\"//*[@class='chakra-accordion css-0']/div[last()]\"))\nawait landlord_driver.executeScript(\"arguments[0].click();\", lastTicket);\nconst detailsButton = landlord_driver.findElement(By.xpath(\"//*[@class='chakra-accordion css-0']/div[last()]//button[text()='View Details & Actions']\"))\nawait landlord_driver.executeScript(\"arguments[0].click();\", detailsButton);\nlet result = await landlord_driver.wait(until.elementIsVisible(\n  landlord_driver.findElement(By.xpath('//*[@id=\"root\"]/div/div/div[3]/div/div/div[1]/textarea'))\n  ));\nlet feedback = await result.getText();\nassert.equal(\"Dummy Feedback Comment\", feedback)",
              "err": {},
              "uuid": "528e4d02-9d6b-4257-bf1a-b872bc64f992",
              "parentUUID": "066a5623-fb4c-453a-946e-55c315262463",
              "isHook": false,
              "skipped": false
            },
            {
              "title": "Landlord Sign Out",
              "fullTitle": "Service Ticket Workflow -- Tenant Rejects Quotation Landlord Sign Out",
              "timedOut": false,
              "duration": 46,
              "state": "passed",
              "speed": "medium",
              "pass": true,
              "fail": false,
              "pending": false,
              "context": null,
              "code": "// Click on \"Service Ticket List\"\nlet signout = await landlord_driver.wait(until.elementIsVisible(\n  landlord_driver.findElement(By.xpath('//*[@id=\"root\"]/div/div/div[1]/div[3]/button'))\n))\nawait signout.click();\nawait landlord_driver.manage().setTimeouts({implicit: 500});\n// Check if ticket portal is shown\nconst currentURL = await landlord_driver.getCurrentUrl();\nassert.equal('http://localhost:3000/', currentURL)",
              "err": {},
              "uuid": "d7afa403-3206-407f-8bd0-22914d67ef5f",
              "parentUUID": "066a5623-fb4c-453a-946e-55c315262463",
              "isHook": false,
              "skipped": false
            },
            {
              "title": "Tenant Sign Out",
              "fullTitle": "Service Ticket Workflow -- Tenant Rejects Quotation Tenant Sign Out",
              "timedOut": false,
              "duration": 47,
              "state": "passed",
              "speed": "medium",
              "pass": true,
              "fail": false,
              "pending": false,
              "context": null,
              "code": "// Click on \"Service Ticket List\"\nlet signout = await tenant_driver.wait(until.elementIsVisible(\n  tenant_driver.findElement(By.xpath('//*[@id=\"root\"]/div/div/div[1]/div[3]/button'))\n))\nawait signout.click();\nawait tenant_driver.manage().setTimeouts({implicit: 500});\n// Check if ticket portal is shown\nconst currentURL = await tenant_driver.getCurrentUrl();\nassert.equal('http://localhost:3000/', currentURL)",
              "err": {},
              "uuid": "6f89d1e7-de20-4ca6-9ead-28f373ccdd88",
              "parentUUID": "066a5623-fb4c-453a-946e-55c315262463",
              "isHook": false,
              "skipped": false
            }
          ],
          "suites": [],
          "passes": [
            "a28ffa03-d2ce-4315-a7af-8f069359324d",
            "05721b6a-0837-44c1-8eba-7c566111bd4b",
            "13276ae3-c59c-4ecb-9855-04db3b515709",
            "361502e0-1553-453f-93f8-5a09007cc364",
            "1f1dc258-c979-4537-8072-e5657afaed5f",
            "dd54ef31-5875-4ea6-9241-d07d4d9662c7",
            "bc5e8214-32b1-4473-9972-10355ad55ad8",
            "3932592c-7669-41c7-91c4-f3773b6dad4b",
            "9de53937-4e35-4386-8a91-6011835909ae",
            "dc7a432c-831d-4e47-8861-06321e5d8791",
            "b130c6e9-1cb8-44c8-af08-c9834f3adf56",
            "805acd15-21c2-4f75-85ea-2b49c3f4a31d",
            "7614a45c-121a-45c7-bb2c-ffb8ab8730c8",
            "171c263b-a4f9-487e-a7b1-cff7d1f57c38",
            "f62e54ea-8141-4dfc-98cd-7b329c9b32a8",
            "34bbdc92-a5d2-465a-8297-c5b7dbc57135",
            "8ce94673-1541-4029-a401-b4e115e8af4d",
            "91557d05-f611-4047-abbf-11795a7624bf",
            "528e4d02-9d6b-4257-bf1a-b872bc64f992",
            "d7afa403-3206-407f-8bd0-22914d67ef5f",
            "6f89d1e7-de20-4ca6-9ead-28f373ccdd88"
          ],
          "failures": [],
          "pending": [],
          "skipped": [],
          "duration": 21950,
          "root": false,
          "rootEmpty": false,
          "_timeout": 10000
        }
      ],
      "passes": [],
      "failures": [],
      "pending": [],
      "skipped": [],
      "duration": 0,
      "root": true,
      "rootEmpty": true,
      "_timeout": 10000
    }
  ],
  "meta": {
    "mocha": {
      "version": "10.2.0"
    },
    "mochawesome": {
      "options": {
        "quiet": false,
        "reportFilename": "mochawesome",
        "saveHtml": true,
        "saveJson": true,
        "consoleReporter": "spec",
        "useInlineDiffs": false,
        "code": true
      },
      "version": "7.1.3"
    },
    "marge": {
      "options": null,
      "version": "6.2.0"
    }
  }
}